#
# There is insufficient memory for the Java Runtime Environment to continue.
# Native memory allocation (malloc) failed to allocate 1936176 bytes for Chunk::new
# Possible reasons:
#   The system is out of physical RAM or swap space
#   The process is running with CompressedOops enabled, and the Java Heap may be blocking the growth of the native heap
# Possible solutions:
#   Reduce memory load on the system
#   Increase physical memory or swap space
#   Check if swap backing store is full
#   Decrease Java heap size (-Xmx/-Xms)
#   Decrease number of Java threads
#   Decrease Java thread stack sizes (-Xss)
#   Set larger code cache with -XX:ReservedCodeCacheSize=
#   JVM is running with Unscaled Compressed Oops mode in which the Java heap is
#     placed in the first 4GB address space. The Java Heap base address is the
#     maximum limit for the native heap growth. Please use -XX:HeapBaseMinAddress
#     to set the Java Heap base and to place the Java Heap above 4GB virtual address.
# This output file may be truncated or incomplete.
#
#  Out of Memory Error (arena.cpp:168), pid=1212, tid=5660
#
# JRE version: Java(TM) SE Runtime Environment (21.0.2+13) (build 21.0.2+13-LTS-58)
# Java VM: Java HotSpot(TM) 64-Bit Server VM (21.0.2+13-LTS-58, mixed mode, sharing, tiered, compressed oops, compressed class ptrs, g1 gc, windows-amd64)
# No core dump will be written. Minidumps are not enabled by default on client versions of Windows
#

---------------  S U M M A R Y ------------

Command Line: -javaagent:D:\Download (D drive)\IntelliJ IDEA Community Edition 2024.3.1.1\lib\idea_rt.jar=57527:D:\Download (D drive)\IntelliJ IDEA Community Edition 2024.3.1.1\bin -Dfile.encoding=UTF-8 -Dsun.stdout.encoding=UTF-8 -Dsun.stderr.encoding=UTF-8 com.tot.util.QrAttendanceApplication

Host: 11th Gen Intel(R) Core(TM) i5-1135G7 @ 2.40GHz, 8 cores, 7G,  Windows 11 , 64 bit Build 22621 (10.0.22621.5124)
Time: Sat Apr  5 19:00:15 2025 India Standard Time elapsed time: 17.662867 seconds (0d 0h 0m 17s)

---------------  T H R E A D  ---------------

Current thread (0x000001c7d92b85c0):  JavaThread "C2 CompilerThread0" daemon [_thread_in_native, id=5660, stack(0x0000009539300000,0x0000009539400000) (1024K)]


Current CompileTask:
C2:  17662 5422       4       org.springframework.core.ResolvableType::hasGenerics (14 bytes)

Stack: [0x0000009539300000,0x0000009539400000]
Native frames: (J=compiled Java code, j=interpreted, Vv=VM code, C=native code)
V  [jvm.dll+0x6cade9]
V  [jvm.dll+0x8569c1]
V  [jvm.dll+0x858d2e]
V  [jvm.dll+0x859413]
V  [jvm.dll+0x280e56]
V  [jvm.dll+0xc3f3d]
V  [jvm.dll+0xc4473]
V  [jvm.dll+0x3b5bf2]
V  [jvm.dll+0x382855]
V  [jvm.dll+0x381cca]
V  [jvm.dll+0x249bd0]
V  [jvm.dll+0x2491b1]
V  [jvm.dll+0x1c9634]
V  [jvm.dll+0x258859]
V  [jvm.dll+0x256e3a]
V  [jvm.dll+0x3ef6c6]
V  [jvm.dll+0x7ff568]
V  [jvm.dll+0x6c953d]
C  [ucrtbase.dll+0x29333]
C  [KERNEL32.DLL+0x1259d]
C  [ntdll.dll+0x5af38]


---------------  P R O C E S S  ---------------

Threads class SMR info:
_java_thread_list=0x000001c820d405d0, length=32, elements={
0x000001c7d92989b0, 0x000001c7d929b8d0, 0x000001c7d929e010, 0x000001c7d929eb60,
0x000001c7d92a05d0, 0x000001c7d92a2170, 0x000001c7d92b85c0, 0x000001c7d92bc190,
0x000001c7d94d3a20, 0x000001c7d970adb0, 0x000001c7d96f7060, 0x000001c82164cfb0,
0x000001c82164dcd0, 0x000001c82164e360, 0x000001c82164aee0, 0x000001c82164b570,
0x000001c82164c290, 0x000001c821df9200, 0x000001c7d92b98b0, 0x000001c821df8b70,
0x000001c821df6410, 0x000001c821dfb2d0, 0x000001c821df9890, 0x000001c821df6aa0,
0x000001c821df9f20, 0x000001c821dfa5b0, 0x000001c821df5060, 0x000001c821df7130,
0x000001c821dfbff0, 0x000001c821df77c0, 0x000001c821dfac40, 0x000001c821dfb960
}

Java Threads: ( => current thread )
  0x000001c7d92989b0 JavaThread "Reference Handler"          daemon [_thread_blocked, id=19472, stack(0x0000009538d00000,0x0000009538e00000) (1024K)]
  0x000001c7d929b8d0 JavaThread "Finalizer"                  daemon [_thread_blocked, id=10752, stack(0x0000009538e00000,0x0000009538f00000) (1024K)]
  0x000001c7d929e010 JavaThread "Signal Dispatcher"          daemon [_thread_blocked, id=18892, stack(0x0000009538f00000,0x0000009539000000) (1024K)]
  0x000001c7d929eb60 JavaThread "Attach Listener"            daemon [_thread_blocked, id=15556, stack(0x0000009539000000,0x0000009539100000) (1024K)]
  0x000001c7d92a05d0 JavaThread "Service Thread"             daemon [_thread_blocked, id=12092, stack(0x0000009539100000,0x0000009539200000) (1024K)]
  0x000001c7d92a2170 JavaThread "Monitor Deflation Thread"   daemon [_thread_blocked, id=7504, stack(0x0000009539200000,0x0000009539300000) (1024K)]
=>0x000001c7d92b85c0 JavaThread "C2 CompilerThread0"         daemon [_thread_in_native, id=5660, stack(0x0000009539300000,0x0000009539400000) (1024K)]
  0x000001c7d92bc190 JavaThread "C1 CompilerThread0"         daemon [_thread_blocked, id=21960, stack(0x0000009539400000,0x0000009539500000) (1024K)]
  0x000001c7d94d3a20 JavaThread "Common-Cleaner"             daemon [_thread_blocked, id=12268, stack(0x0000009539500000,0x0000009539600000) (1024K)]
  0x000001c7d970adb0 JavaThread "Monitor Ctrl-Break"         daemon [_thread_in_native, id=19692, stack(0x0000009539700000,0x0000009539800000) (1024K)]
  0x000001c7d96f7060 JavaThread "Notification Thread"        daemon [_thread_blocked, id=23248, stack(0x0000009539800000,0x0000009539900000) (1024K)]
  0x000001c82164cfb0 JavaThread "Catalina-utility-1"                [_thread_blocked, id=23020, stack(0x000000953a400000,0x000000953a500000) (1024K)]
  0x000001c82164dcd0 JavaThread "Catalina-utility-2"                [_thread_blocked, id=4068, stack(0x000000953a500000,0x000000953a600000) (1024K)]
  0x000001c82164e360 JavaThread "container-0"                       [_thread_blocked, id=9204, stack(0x000000953a600000,0x000000953a700000) (1024K)]
  0x000001c82164aee0 JavaThread "PostgreSQL-JDBC-Cleaner"    daemon [_thread_blocked, id=11068, stack(0x000000953a800000,0x000000953a900000) (1024K)]
  0x000001c82164b570 JavaThread "HikariPool-1 housekeeper"   daemon [_thread_blocked, id=23476, stack(0x000000953a900000,0x000000953aa00000) (1024K)]
  0x000001c82164c290 JavaThread "File Watcher"               daemon [_thread_blocked, id=16108, stack(0x0000009539600000,0x0000009539700000) (1024K)]
  0x000001c821df9200 JavaThread "Live Reload Server"         daemon [_thread_in_native, id=12152, stack(0x000000953aa00000,0x000000953ab00000) (1024K)]
  0x000001c7d92b98b0 JavaThread "C2 CompilerThread1"         daemon [_thread_blocked, id=21656, stack(0x000000953a300000,0x000000953a400000) (1024K)]
  0x000001c821df8b70 JavaThread "http-nio-8080-exec-1"       daemon [_thread_blocked, id=18008, stack(0x000000953ab00000,0x000000953ac00000) (1024K)]
  0x000001c821df6410 JavaThread "http-nio-8080-exec-2"       daemon [_thread_blocked, id=10020, stack(0x000000953ac00000,0x000000953ad00000) (1024K)]
  0x000001c821dfb2d0 JavaThread "http-nio-8080-exec-3"       daemon [_thread_blocked, id=23316, stack(0x000000953ad00000,0x000000953ae00000) (1024K)]
  0x000001c821df9890 JavaThread "http-nio-8080-exec-4"       daemon [_thread_blocked, id=18748, stack(0x000000953ae00000,0x000000953af00000) (1024K)]
  0x000001c821df6aa0 JavaThread "http-nio-8080-exec-5"       daemon [_thread_blocked, id=17636, stack(0x000000953af00000,0x000000953b000000) (1024K)]
  0x000001c821df9f20 JavaThread "http-nio-8080-exec-6"       daemon [_thread_blocked, id=20984, stack(0x000000953b000000,0x000000953b100000) (1024K)]
  0x000001c821dfa5b0 JavaThread "http-nio-8080-exec-7"       daemon [_thread_blocked, id=10384, stack(0x000000953b100000,0x000000953b200000) (1024K)]
  0x000001c821df5060 JavaThread "http-nio-8080-exec-8"       daemon [_thread_blocked, id=20112, stack(0x000000953b200000,0x000000953b300000) (1024K)]
  0x000001c821df7130 JavaThread "http-nio-8080-exec-9"       daemon [_thread_blocked, id=14896, stack(0x000000953b300000,0x000000953b400000) (1024K)]
  0x000001c821dfbff0 JavaThread "http-nio-8080-exec-10"      daemon [_thread_blocked, id=2312, stack(0x000000953b400000,0x000000953b500000) (1024K)]
  0x000001c821df77c0 JavaThread "http-nio-8080-Poller"       daemon [_thread_in_native, id=20432, stack(0x000000953b500000,0x000000953b600000) (1024K)]
  0x000001c821dfac40 JavaThread "http-nio-8080-Acceptor"     daemon [_thread_in_native, id=13600, stack(0x000000953b600000,0x000000953b700000) (1024K)]
  0x000001c821dfb960 JavaThread "DestroyJavaVM"                     [_thread_blocked, id=18532, stack(0x0000009538500000,0x0000009538600000) (1024K)]
Total: 32

Other Threads:
  0x000001c7ba7128e0 VMThread "VM Thread"                           [id=6124, stack(0x0000009538c00000,0x0000009538d00000) (1024K)]
  0x000001c7d9262bf0 WatcherThread "VM Periodic Task Thread"        [id=19124, stack(0x0000009538b00000,0x0000009538c00000) (1024K)]
  0x000001c7ba7121a0 WorkerThread "GC Thread#0"                     [id=4696, stack(0x0000009538600000,0x0000009538700000) (1024K)]
  0x000001c7ba7133c0 WorkerThread "GC Thread#1"                     [id=22176, stack(0x0000009539b00000,0x0000009539c00000) (1024K)]
  0x000001c7ba711a60 WorkerThread "GC Thread#2"                     [id=8464, stack(0x0000009539c00000,0x0000009539d00000) (1024K)]
  0x000001c81f0b49e0 WorkerThread "GC Thread#3"                     [id=19980, stack(0x0000009539d00000,0x0000009539e00000) (1024K)]
  0x000001c81f0b4d80 WorkerThread "GC Thread#4"                     [id=4072, stack(0x0000009539e00000,0x0000009539f00000) (1024K)]
  0x000001c81f0b5120 WorkerThread "GC Thread#5"                     [id=9376, stack(0x0000009539f00000,0x000000953a000000) (1024K)]
  0x000001c81f0b66e0 WorkerThread "GC Thread#6"                     [id=5380, stack(0x000000953a100000,0x000000953a200000) (1024K)]
  0x000001c81f0b3b60 WorkerThread "GC Thread#7"                     [id=15348, stack(0x000000953a200000,0x000000953a300000) (1024K)]
  0x000001c7bcadcf90 ConcurrentGCThread "G1 Main Marker"            [id=11308, stack(0x0000009538700000,0x0000009538800000) (1024K)]
  0x000001c7ba712540 WorkerThread "G1 Conc#0"                       [id=18424, stack(0x0000009538800000,0x0000009538900000) (1024K)]
  0x000001c81f0b3f00 WorkerThread "G1 Conc#1"                       [id=11016, stack(0x000000953a000000,0x000000953a100000) (1024K)]
  0x000001c7bcb2e670 ConcurrentGCThread "G1 Refine#0"               [id=19392, stack(0x0000009538900000,0x0000009538a00000) (1024K)]
  0x000001c7d91323c0 ConcurrentGCThread "G1 Service"                [id=11892, stack(0x0000009538a00000,0x0000009538b00000) (1024K)]
Total: 15

Threads with active compile tasks:
C2 CompilerThread0    17682 5422       4       org.springframework.core.ResolvableType::hasGenerics (14 bytes)
Total: 1

VM state: not at safepoint (normal execution)

VM Mutex/Monitor currently owned by a thread: None

Heap address: 0x0000000085800000, size: 1960 MB, Compressed Oops mode: 32-bit

CDS archive(s) mapped at: [0x000001c7da000000-0x000001c7dac90000-0x000001c7dac90000), size 13172736, SharedBaseAddress: 0x000001c7da000000, ArchiveRelocationMode: 1.
Compressed class space mapped at: 0x000001c7db000000-0x000001c81b000000, reserved size: 1073741824
Narrow klass base: 0x000001c7da000000, Narrow klass shift: 0, Narrow klass range: 0x100000000

GC Precious Log:
 CardTable entry size: 512
 Card Set container configuration: InlinePtr #cards 5 size 8 Array Of Cards #cards 12 size 40 Howl #buckets 4 coarsen threshold 1843 Howl Bitmap #cards 512 size 80 coarsen threshold 460 Card regions per heap region 1 cards per card region 2048
 CPUs: 8 total, 8 available
 Memory: 7834M
 Large Page Support: Disabled
 NUMA Support: Disabled
 Compressed Oops: Enabled (32-bit)
 Heap Region Size: 1M
 Heap Min Capacity: 8M
 Heap Initial Capacity: 124M
 Heap Max Capacity: 1960M
 Pre-touch: Disabled
 Parallel Workers: 8
 Concurrent Workers: 2
 Concurrent Refinement Workers: 8
 Periodic GC: Disabled

Heap:
 garbage-first heap   total 75776K, used 59768K [0x0000000085800000, 0x0000000100000000)
  region size 1024K, 14 young (14336K), 3 survivors (3072K)
 Metaspace       used 59994K, committed 60672K, reserved 1114112K
  class space    used 8191K, committed 8448K, reserved 1048576K

Heap Regions: E=young(eden), S=young(survivor), O=old, HS=humongous(starts), HC=humongous(continues), CS=collection set, F=free, TAMS=top-at-mark-start, PB=parsable bottom
|   0|0x0000000085800000, 0x0000000085900000, 0x0000000085900000|100%|HS|  |TAMS 0x0000000085800000| PB 0x0000000085800000| Complete 
|   1|0x0000000085900000, 0x0000000085a00000, 0x0000000085a00000|100%|HS|  |TAMS 0x0000000085900000| PB 0x0000000085900000| Complete 
|   2|0x0000000085a00000, 0x0000000085b00000, 0x0000000085b00000|100%| O|  |TAMS 0x0000000085a00000| PB 0x0000000085a00000| Untracked 
|   3|0x0000000085b00000, 0x0000000085c00000, 0x0000000085c00000|100%| O|  |TAMS 0x0000000085b00000| PB 0x0000000085b00000| Untracked 
|   4|0x0000000085c00000, 0x0000000085d00000, 0x0000000085d00000|100%| O|  |TAMS 0x0000000085c00000| PB 0x0000000085c00000| Untracked 
|   5|0x0000000085d00000, 0x0000000085e00000, 0x0000000085e00000|100%| O|  |TAMS 0x0000000085d00000| PB 0x0000000085d00000| Untracked 
|   6|0x0000000085e00000, 0x0000000085f00000, 0x0000000085f00000|100%| O|  |TAMS 0x0000000085e00000| PB 0x0000000085e00000| Untracked 
|   7|0x0000000085f00000, 0x0000000086000000, 0x0000000086000000|100%| O|  |TAMS 0x0000000085f00000| PB 0x0000000085f00000| Untracked 
|   8|0x0000000086000000, 0x0000000086100000, 0x0000000086100000|100%| O|  |TAMS 0x0000000086000000| PB 0x0000000086000000| Untracked 
|   9|0x0000000086100000, 0x0000000086200000, 0x0000000086200000|100%| O|  |TAMS 0x0000000086100000| PB 0x0000000086100000| Untracked 
|  10|0x0000000086200000, 0x0000000086300000, 0x0000000086300000|100%| O|  |TAMS 0x0000000086200000| PB 0x0000000086200000| Untracked 
|  11|0x0000000086300000, 0x0000000086400000, 0x0000000086400000|100%| O|  |TAMS 0x0000000086300000| PB 0x0000000086300000| Untracked 
|  12|0x0000000086400000, 0x0000000086500000, 0x0000000086500000|100%| O|  |TAMS 0x0000000086400000| PB 0x0000000086400000| Untracked 
|  13|0x0000000086500000, 0x0000000086600000, 0x0000000086600000|100%| O|  |TAMS 0x0000000086500000| PB 0x0000000086500000| Untracked 
|  14|0x0000000086600000, 0x0000000086700000, 0x0000000086700000|100%| O|  |TAMS 0x0000000086600000| PB 0x0000000086600000| Untracked 
|  15|0x0000000086700000, 0x0000000086800000, 0x0000000086800000|100%| O|  |TAMS 0x0000000086700000| PB 0x0000000086700000| Untracked 
|  16|0x0000000086800000, 0x0000000086900000, 0x0000000086900000|100%| O|  |TAMS 0x0000000086800000| PB 0x0000000086800000| Untracked 
|  17|0x0000000086900000, 0x0000000086a00000, 0x0000000086a00000|100%| O|  |TAMS 0x0000000086900000| PB 0x0000000086900000| Untracked 
|  18|0x0000000086a00000, 0x0000000086b00000, 0x0000000086b00000|100%| O|  |TAMS 0x0000000086a00000| PB 0x0000000086a00000| Untracked 
|  19|0x0000000086b00000, 0x0000000086c00000, 0x0000000086c00000|100%| O|  |TAMS 0x0000000086b00000| PB 0x0000000086b00000| Untracked 
|  20|0x0000000086c00000, 0x0000000086d00000, 0x0000000086d00000|100%| O|  |TAMS 0x0000000086c00000| PB 0x0000000086c00000| Untracked 
|  21|0x0000000086d00000, 0x0000000086e00000, 0x0000000086e00000|100%| O|  |TAMS 0x0000000086d00000| PB 0x0000000086d00000| Untracked 
|  22|0x0000000086e00000, 0x0000000086f00000, 0x0000000086f00000|100%| O|  |TAMS 0x0000000086e00000| PB 0x0000000086e00000| Untracked 
|  23|0x0000000086f00000, 0x0000000087000000, 0x0000000087000000|100%| O|  |TAMS 0x0000000086f00000| PB 0x0000000086f00000| Untracked 
|  24|0x0000000087000000, 0x0000000087100000, 0x0000000087100000|100%| O|  |TAMS 0x0000000087000000| PB 0x0000000087000000| Untracked 
|  25|0x0000000087100000, 0x0000000087200000, 0x0000000087200000|100%| O|  |TAMS 0x0000000087100000| PB 0x0000000087100000| Untracked 
|  26|0x0000000087200000, 0x0000000087300000, 0x0000000087300000|100%| O|  |TAMS 0x0000000087200000| PB 0x0000000087200000| Untracked 
|  27|0x0000000087300000, 0x0000000087400000, 0x0000000087400000|100%| O|  |TAMS 0x0000000087300000| PB 0x0000000087300000| Untracked 
|  28|0x0000000087400000, 0x0000000087500000, 0x0000000087500000|100%| O|  |TAMS 0x0000000087400000| PB 0x0000000087400000| Untracked 
|  29|0x0000000087500000, 0x0000000087600000, 0x0000000087600000|100%| O|  |TAMS 0x0000000087500000| PB 0x0000000087500000| Untracked 
|  30|0x0000000087600000, 0x0000000087700000, 0x0000000087700000|100%| O|  |TAMS 0x0000000087600000| PB 0x0000000087600000| Untracked 
|  31|0x0000000087700000, 0x0000000087800000, 0x0000000087800000|100%| O|  |TAMS 0x0000000087700000| PB 0x0000000087700000| Untracked 
|  32|0x0000000087800000, 0x0000000087900000, 0x0000000087900000|100%|HS|  |TAMS 0x0000000087800000| PB 0x0000000087800000| Complete 
|  33|0x0000000087900000, 0x0000000087a00000, 0x0000000087a00000|100%| O|  |TAMS 0x0000000087900000| PB 0x0000000087900000| Untracked 
|  34|0x0000000087a00000, 0x0000000087b00000, 0x0000000087b00000|100%| O|  |TAMS 0x0000000087a00000| PB 0x0000000087a00000| Untracked 
|  35|0x0000000087b00000, 0x0000000087c00000, 0x0000000087c00000|100%| O|  |TAMS 0x0000000087b00000| PB 0x0000000087b00000| Untracked 
|  36|0x0000000087c00000, 0x0000000087d00000, 0x0000000087d00000|100%| O|  |TAMS 0x0000000087c00000| PB 0x0000000087c00000| Untracked 
|  37|0x0000000087d00000, 0x0000000087e00000, 0x0000000087e00000|100%| O|  |TAMS 0x0000000087d00000| PB 0x0000000087d00000| Untracked 
|  38|0x0000000087e00000, 0x0000000087f00000, 0x0000000087f00000|100%| O|  |TAMS 0x0000000087e00000| PB 0x0000000087e00000| Untracked 
|  39|0x0000000087f00000, 0x0000000087f5e1b8, 0x0000000088000000| 36%| O|  |TAMS 0x0000000087f00000| PB 0x0000000087f00000| Untracked 
|  40|0x0000000088000000, 0x0000000088000000, 0x0000000088100000|  0%| F|  |TAMS 0x0000000088000000| PB 0x0000000088000000| Untracked 
|  41|0x0000000088100000, 0x0000000088100000, 0x0000000088200000|  0%| F|  |TAMS 0x0000000088100000| PB 0x0000000088100000| Untracked 
|  42|0x0000000088200000, 0x0000000088200000, 0x0000000088300000|  0%| F|  |TAMS 0x0000000088200000| PB 0x0000000088200000| Untracked 
|  43|0x0000000088300000, 0x0000000088300000, 0x0000000088400000|  0%| F|  |TAMS 0x0000000088300000| PB 0x0000000088300000| Untracked 
|  44|0x0000000088400000, 0x0000000088400000, 0x0000000088500000|  0%| F|  |TAMS 0x0000000088400000| PB 0x0000000088400000| Untracked 
|  45|0x0000000088500000, 0x0000000088500000, 0x0000000088600000|  0%| F|  |TAMS 0x0000000088500000| PB 0x0000000088500000| Untracked 
|  46|0x0000000088600000, 0x0000000088700000, 0x0000000088700000|100%| S|CS|TAMS 0x0000000088600000| PB 0x0000000088600000| Complete 
|  47|0x0000000088700000, 0x0000000088800000, 0x0000000088800000|100%| S|CS|TAMS 0x0000000088700000| PB 0x0000000088700000| Complete 
|  48|0x0000000088800000, 0x0000000088900000, 0x0000000088900000|100%| S|CS|TAMS 0x0000000088800000| PB 0x0000000088800000| Complete 
|  49|0x0000000088900000, 0x0000000088900000, 0x0000000088a00000|  0%| F|  |TAMS 0x0000000088900000| PB 0x0000000088900000| Untracked 
|  50|0x0000000088a00000, 0x0000000088a00000, 0x0000000088b00000|  0%| F|  |TAMS 0x0000000088a00000| PB 0x0000000088a00000| Untracked 
|  51|0x0000000088b00000, 0x0000000088b00000, 0x0000000088c00000|  0%| F|  |TAMS 0x0000000088b00000| PB 0x0000000088b00000| Untracked 
|  52|0x0000000088c00000, 0x0000000088c00000, 0x0000000088d00000|  0%| F|  |TAMS 0x0000000088c00000| PB 0x0000000088c00000| Untracked 
|  53|0x0000000088d00000, 0x0000000088d00000, 0x0000000088e00000|  0%| F|  |TAMS 0x0000000088d00000| PB 0x0000000088d00000| Untracked 
|  54|0x0000000088e00000, 0x0000000088e00000, 0x0000000088f00000|  0%| F|  |TAMS 0x0000000088e00000| PB 0x0000000088e00000| Untracked 
|  55|0x0000000088f00000, 0x0000000088f00000, 0x0000000089000000|  0%| F|  |TAMS 0x0000000088f00000| PB 0x0000000088f00000| Untracked 
|  56|0x0000000089000000, 0x0000000089000000, 0x0000000089100000|  0%| F|  |TAMS 0x0000000089000000| PB 0x0000000089000000| Untracked 
|  57|0x0000000089100000, 0x00000000891db5d0, 0x0000000089200000| 85%| E|  |TAMS 0x0000000089100000| PB 0x0000000089100000| Complete 
|  58|0x0000000089200000, 0x0000000089300000, 0x0000000089300000|100%| E|CS|TAMS 0x0000000089200000| PB 0x0000000089200000| Complete 
|  59|0x0000000089300000, 0x0000000089400000, 0x0000000089400000|100%| E|CS|TAMS 0x0000000089300000| PB 0x0000000089300000| Complete 
|  71|0x0000000089f00000, 0x000000008a000000, 0x000000008a000000|100%| E|CS|TAMS 0x0000000089f00000| PB 0x0000000089f00000| Complete 
|  72|0x000000008a000000, 0x000000008a100000, 0x000000008a100000|100%| E|CS|TAMS 0x000000008a000000| PB 0x000000008a000000| Complete 
|  73|0x000000008a100000, 0x000000008a200000, 0x000000008a200000|100%| E|CS|TAMS 0x000000008a100000| PB 0x000000008a100000| Complete 
|  74|0x000000008a200000, 0x000000008a300000, 0x000000008a300000|100%| E|CS|TAMS 0x000000008a200000| PB 0x000000008a200000| Complete 
|  75|0x000000008a300000, 0x000000008a400000, 0x000000008a400000|100%| E|CS|TAMS 0x000000008a300000| PB 0x000000008a300000| Complete 
|  76|0x000000008a400000, 0x000000008a500000, 0x000000008a500000|100%| E|CS|TAMS 0x000000008a400000| PB 0x000000008a400000| Complete 
|  77|0x000000008a500000, 0x000000008a600000, 0x000000008a600000|100%| E|CS|TAMS 0x000000008a500000| PB 0x000000008a500000| Complete 
| 123|0x000000008d300000, 0x000000008d400000, 0x000000008d400000|100%| E|CS|TAMS 0x000000008d300000| PB 0x000000008d300000| Complete 
|1954|0x00000000ffa00000, 0x00000000ffb00000, 0x00000000ffb00000|100%| O|  |TAMS 0x00000000ffa00000| PB 0x00000000ffa00000| Untracked 
|1955|0x00000000ffb00000, 0x00000000ffc00000, 0x00000000ffc00000|100%| O|Cm|TAMS 0x00000000ffb00000| PB 0x00000000ffb00000| Complete 
|1956|0x00000000ffc00000, 0x00000000ffd00000, 0x00000000ffd00000|100%| O|  |TAMS 0x00000000ffc00000| PB 0x00000000ffc00000| Untracked 
|1957|0x00000000ffd00000, 0x00000000ffe00000, 0x00000000ffe00000|100%| O|  |TAMS 0x00000000ffd00000| PB 0x00000000ffd00000| Untracked 
|1958|0x00000000ffe00000, 0x00000000fff00000, 0x00000000fff00000|100%| O|  |TAMS 0x00000000ffe00000| PB 0x00000000ffe00000| Untracked 
|1959|0x00000000fff00000, 0x0000000100000000, 0x0000000100000000|100%| O|  |TAMS 0x00000000fff00000| PB 0x00000000fff00000| Untracked 

Card table byte_map: [0x000001c7d45e0000,0x000001c7d49c0000] _byte_map_base: 0x000001c7d41b4000

Marking Bits: (CMBitMap*) 0x000001c7bcacd000
 Bits: [0x000001c7d49c0000, 0x000001c7d6860000)

Polling page: 0x000001c7ba9d0000

Metaspace:

Usage:
  Non-class:     50.59 MB used.
      Class:      8.00 MB used.
       Both:     58.59 MB used.

Virtual space:
  Non-class space:       64.00 MB reserved,      51.00 MB ( 80%) committed,  1 nodes.
      Class space:        1.00 GB reserved,       8.25 MB ( <1%) committed,  1 nodes.
             Both:        1.06 GB reserved,      59.25 MB (  5%) committed. 

Chunk freelists:
   Non-Class:  12.92 MB
       Class:  7.56 MB
        Both:  20.48 MB

MaxMetaspaceSize: unlimited
CompressedClassSpaceSize: 1.00 GB
Initial GC threshold: 21.00 MB
Current GC threshold: 98.25 MB
CDS: on
 - commit_granule_bytes: 65536.
 - commit_granule_words: 8192.
 - virtual_space_node_default_size: 8388608.
 - enlarge_chunks_in_place: 1.
 - use_allocation_guard: 0.


Internal statistics:

num_allocs_failed_limit: 6.
num_arena_births: 898.
num_arena_deaths: 0.
num_vsnodes_births: 2.
num_vsnodes_deaths: 0.
num_space_committed: 948.
num_space_uncommitted: 0.
num_chunks_returned_to_freelist: 6.
num_chunks_taken_from_freelist: 3157.
num_chunk_merges: 6.
num_chunk_splits: 2224.
num_chunks_enlarged: 1681.
num_inconsistent_stats: 0.

CodeHeap 'non-profiled nmethods': size=120000Kb used=3474Kb max_used=3708Kb free=116526Kb
 bounds [0x000001c7cc9a0000, 0x000001c7ccd40000, 0x000001c7d3ed0000]
CodeHeap 'profiled nmethods': size=120000Kb used=8993Kb max_used=9799Kb free=111006Kb
 bounds [0x000001c7c4ed0000, 0x000001c7c5870000, 0x000001c7cc400000]
CodeHeap 'non-nmethods': size=5760Kb used=1859Kb max_used=1917Kb free=3901Kb
 bounds [0x000001c7cc400000, 0x000001c7cc670000, 0x000001c7cc9a0000]
 total_blobs=5433 nmethods=4736 adapters=601
 compilation: enabled
              stopped_count=0, restarted_count=0
 full_count=0

Compilation events (20 events):
Event: 17.495 Thread 0x000001c7d92bc190 nmethod 5425 0x000001c7c4f77a90 code [0x000001c7c4f77c20, 0x000001c7c4f77d58]
Event: 17.498 Thread 0x000001c7d92bc190 5426   !   3       java.util.concurrent.ConcurrentHashMap::clear (176 bytes)
Event: 17.499 Thread 0x000001c7d92bc190 nmethod 5426 0x000001c7c5244d90 code [0x000001c7c5244fe0, 0x000001c7c52459a8]
Event: 17.535 Thread 0x000001c7d92b85c0 nmethod 5380 0x000001c7ccb44890 code [0x000001c7ccb44e20, 0x000001c7ccb47608]
Event: 17.535 Thread 0x000001c7d92b85c0 5405       4       org.springframework.util.ClassUtils::isAssignable (84 bytes)
Event: 17.539 Thread 0x000001c7d92b85c0 nmethod 5405 0x000001c7ccb2df10 code [0x000001c7ccb2e0e0, 0x000001c7ccb2e448]
Event: 17.539 Thread 0x000001c7d92b85c0 5422       4       org.springframework.core.ResolvableType::hasGenerics (14 bytes)
Event: 17.549 Thread 0x000001c7d92b98b0 nmethod 5384 0x000001c7ccbbb090 code [0x000001c7ccbbb4a0, 0x000001c7ccbbdfe0]
Event: 17.550 Thread 0x000001c7d92b98b0 5420       4       org.springframework.core.ResolvableType::isInstance (21 bytes)
Event: 17.554 Thread 0x000001c7d92b98b0 nmethod 5420 0x000001c7ccb20a10 code [0x000001c7ccb20c20, 0x000001c7ccb21098]
Event: 17.554 Thread 0x000001c7d92b98b0 5423       4       org.springframework.beans.factory.support.DefaultListableBeanFactory::containsBeanDefinition (17 bytes)
Event: 17.558 Thread 0x000001c7d92b98b0 nmethod 5423 0x000001c7ccb33b90 code [0x000001c7ccb33d60, 0x000001c7ccb34108]
Event: 17.558 Thread 0x000001c7d92b98b0 5402       4       jdk.internal.org.objectweb.asm.MethodWriter::visitMaxs (60 bytes)
Event: 17.558 Thread 0x000001c7d92b98b0 nmethod 5402 0x000001c7ccbbaa90 code [0x000001c7ccbbac20, 0x000001c7ccbbad18]
Event: 17.558 Thread 0x000001c7d92b98b0 5413       4       java.util.TreeMap::successor (66 bytes)
Event: 17.559 Thread 0x000001c7d92b98b0 nmethod 5413 0x000001c7ccb62510 code [0x000001c7ccb626a0, 0x000001c7ccb627a0]
Event: 17.560 Thread 0x000001c7d92b98b0 5414       4       org.springframework.boot.autoconfigure.condition.ConditionEvaluationReport$$Lambda/0x000001c7db86e688::accept (20 bytes)
Event: 17.569 Thread 0x000001c7d92b98b0 nmethod 5414 0x000001c7ccafe690 code [0x000001c7ccafe8e0, 0x000001c7ccaff240]
Event: 17.569 Thread 0x000001c7d92b98b0 5415       4       org.springframework.boot.autoconfigure.condition.ConditionEvaluationReport::lambda$addNoMatchOutcomeToAncestors$2 (41 bytes)
Event: 17.578 Thread 0x000001c7d92b98b0 nmethod 5415 0x000001c7ccb05910 code [0x000001c7ccb05b60, 0x000001c7ccb063e0]

GC Heap History (20 events):
Event: 2.296 GC heap before
{Heap before GC invocations=4 (full 0):
 garbage-first heap   total 55296K, used 40024K [0x0000000085800000, 0x0000000100000000)
  region size 1024K, 32 young (32768K), 7 survivors (7168K)
 Metaspace       used 25417K, committed 25856K, reserved 1114112K
  class space    used 3256K, committed 3456K, reserved 1048576K
}
Event: 2.304 GC heap after
{Heap after GC invocations=5 (full 0):
 garbage-first heap   total 55296K, used 17002K [0x0000000085800000, 0x0000000100000000)
  region size 1024K, 4 young (4096K), 4 survivors (4096K)
 Metaspace       used 25417K, committed 25856K, reserved 1114112K
  class space    used 3256K, committed 3456K, reserved 1048576K
}
Event: 2.797 GC heap before
{Heap before GC invocations=5 (full 0):
 garbage-first heap   total 55296K, used 40554K [0x0000000085800000, 0x0000000100000000)
  region size 1024K, 28 young (28672K), 4 survivors (4096K)
 Metaspace       used 29907K, committed 30336K, reserved 1114112K
  class space    used 3780K, committed 3968K, reserved 1048576K
}
Event: 2.802 GC heap after
{Heap after GC invocations=6 (full 0):
 garbage-first heap   total 55296K, used 18885K [0x0000000085800000, 0x0000000100000000)
  region size 1024K, 2 young (2048K), 2 survivors (2048K)
 Metaspace       used 29907K, committed 30336K, reserved 1114112K
  class space    used 3780K, committed 3968K, reserved 1048576K
}
Event: 3.233 GC heap before
{Heap before GC invocations=6 (full 0):
 garbage-first heap   total 55296K, used 38341K [0x0000000085800000, 0x0000000100000000)
  region size 1024K, 23 young (23552K), 2 survivors (2048K)
 Metaspace       used 35484K, committed 35968K, reserved 1114112K
  class space    used 4703K, committed 4928K, reserved 1048576K
}
Event: 3.236 GC heap after
{Heap after GC invocations=7 (full 0):
 garbage-first heap   total 55296K, used 19777K [0x0000000085800000, 0x0000000100000000)
  region size 1024K, 3 young (3072K), 3 survivors (3072K)
 Metaspace       used 35484K, committed 35968K, reserved 1114112K
  class space    used 4703K, committed 4928K, reserved 1048576K
}
Event: 3.927 GC heap before
{Heap before GC invocations=8 (full 0):
 garbage-first heap   total 55296K, used 45377K [0x0000000085800000, 0x0000000100000000)
  region size 1024K, 29 young (29696K), 3 survivors (3072K)
 Metaspace       used 43131K, committed 43648K, reserved 1114112K
  class space    used 5667K, committed 5888K, reserved 1048576K
}
Event: 3.931 GC heap after
{Heap after GC invocations=9 (full 0):
 garbage-first heap   total 55296K, used 21687K [0x0000000085800000, 0x0000000100000000)
  region size 1024K, 4 young (4096K), 4 survivors (4096K)
 Metaspace       used 43131K, committed 43648K, reserved 1114112K
  class space    used 5667K, committed 5888K, reserved 1048576K
}
Event: 4.395 GC heap before
{Heap before GC invocations=9 (full 0):
 garbage-first heap   total 55296K, used 44215K [0x0000000085800000, 0x0000000100000000)
  region size 1024K, 27 young (27648K), 4 survivors (4096K)
 Metaspace       used 50458K, committed 50944K, reserved 1114112K
  class space    used 6836K, committed 7040K, reserved 1048576K
}
Event: 4.400 GC heap after
{Heap after GC invocations=10 (full 0):
 garbage-first heap   total 55296K, used 22528K [0x0000000085800000, 0x0000000100000000)
  region size 1024K, 3 young (3072K), 3 survivors (3072K)
 Metaspace       used 50458K, committed 50944K, reserved 1114112K
  class space    used 6836K, committed 7040K, reserved 1048576K
}
Event: 4.977 GC heap before
{Heap before GC invocations=10 (full 0):
 garbage-first heap   total 55296K, used 48128K [0x0000000085800000, 0x0000000100000000)
  region size 1024K, 28 young (28672K), 3 survivors (3072K)
 Metaspace       used 56498K, committed 57152K, reserved 1114112K
  class space    used 7679K, committed 8000K, reserved 1048576K
}
Event: 4.981 GC heap after
{Heap after GC invocations=11 (full 0):
 garbage-first heap   total 66560K, used 24862K [0x0000000085800000, 0x0000000100000000)
  region size 1024K, 4 young (4096K), 4 survivors (4096K)
 Metaspace       used 56498K, committed 57152K, reserved 1114112K
  class space    used 7679K, committed 8000K, reserved 1048576K
}
Event: 7.108 GC heap before
{Heap before GC invocations=11 (full 0):
 garbage-first heap   total 66560K, used 57630K [0x0000000085800000, 0x0000000100000000)
  region size 1024K, 36 young (36864K), 4 survivors (4096K)
 Metaspace       used 59661K, committed 60352K, reserved 1114112K
  class space    used 8122K, committed 8448K, reserved 1048576K
}
Event: 7.116 GC heap after
{Heap after GC invocations=12 (full 0):
 garbage-first heap   total 67584K, used 30580K [0x0000000085800000, 0x0000000100000000)
  region size 1024K, 5 young (5120K), 5 survivors (5120K)
 Metaspace       used 59661K, committed 60352K, reserved 1114112K
  class space    used 8122K, committed 8448K, reserved 1048576K
}
Event: 12.646 GC heap before
{Heap before GC invocations=12 (full 0):
 garbage-first heap   total 67584K, used 57204K [0x0000000085800000, 0x0000000100000000)
  region size 1024K, 31 young (31744K), 5 survivors (5120K)
 Metaspace       used 59661K, committed 60352K, reserved 1114112K
  class space    used 8122K, committed 8448K, reserved 1048576K
}
Event: 12.661 GC heap after
{Heap after GC invocations=13 (full 0):
 garbage-first heap   total 72704K, used 40429K [0x0000000085800000, 0x0000000100000000)
  region size 1024K, 4 young (4096K), 4 survivors (4096K)
 Metaspace       used 59661K, committed 60352K, reserved 1114112K
  class space    used 8122K, committed 8448K, reserved 1048576K
}
Event: 13.254 GC heap before
{Heap before GC invocations=13 (full 0):
 garbage-first heap   total 72704K, used 43501K [0x0000000085800000, 0x0000000100000000)
  region size 1024K, 8 young (8192K), 4 survivors (4096K)
 Metaspace       used 59664K, committed 60352K, reserved 1114112K
  class space    used 8123K, committed 8448K, reserved 1048576K
}
Event: 13.258 GC heap after
{Heap after GC invocations=14 (full 0):
 garbage-first heap   total 72704K, used 42248K [0x0000000085800000, 0x0000000100000000)
  region size 1024K, 2 young (2048K), 2 survivors (2048K)
 Metaspace       used 59664K, committed 60352K, reserved 1114112K
  class space    used 8123K, committed 8448K, reserved 1048576K
}
Event: 16.052 GC heap before
{Heap before GC invocations=15 (full 0):
 garbage-first heap   total 75776K, used 60680K [0x0000000085800000, 0x0000000100000000)
  region size 1024K, 19 young (19456K), 2 survivors (2048K)
 Metaspace       used 59664K, committed 60352K, reserved 1114112K
  class space    used 8123K, committed 8448K, reserved 1048576K
}
Event: 16.063 GC heap after
{Heap after GC invocations=16 (full 0):
 garbage-first heap   total 75776K, used 49528K [0x0000000085800000, 0x0000000100000000)
  region size 1024K, 3 young (3072K), 3 survivors (3072K)
 Metaspace       used 59664K, committed 60352K, reserved 1114112K
  class space    used 8123K, committed 8448K, reserved 1048576K
}

Dll operation events (15 events):
Event: 0.009 Loaded shared library C:\Program Files\Java\jdk-21\bin\java.dll
Event: 0.046 Loaded shared library C:\Program Files\Java\jdk-21\bin\jsvml.dll
Event: 0.123 Loaded shared library C:\Program Files\Java\jdk-21\bin\zip.dll
Event: 0.126 Loaded shared library C:\Program Files\Java\jdk-21\bin\instrument.dll
Event: 0.131 Loaded shared library C:\Program Files\Java\jdk-21\bin\net.dll
Event: 0.134 Loaded shared library C:\Program Files\Java\jdk-21\bin\nio.dll
Event: 0.137 Loaded shared library C:\Program Files\Java\jdk-21\bin\zip.dll
Event: 0.202 Loaded shared library D:\Download (D drive)\IntelliJ IDEA Community Edition 2024.3.1.1\bin\breakgen64.dll
Event: 0.214 Loaded shared library C:\Program Files\Java\jdk-21\bin\extnet.dll
Event: 0.237 Loaded shared library C:\Program Files\Java\jdk-21\bin\jimage.dll
Event: 0.453 Loaded shared library C:\Program Files\Java\jdk-21\bin\management.dll
Event: 0.458 Loaded shared library C:\Program Files\Java\jdk-21\bin\management_ext.dll
Event: 1.241 Loaded shared library C:\Program Files\Java\jdk-21\bin\sunmscapi.dll
Event: 2.274 Loaded shared library C:\Program Files\Apache Tomcat Application\apache-tomcat-9.0.99\bin\tcnative-1.dll
Event: 3.088 Loaded shared library C:\Program Files\Java\jdk-21\bin\verify.dll

Deoptimization events (20 events):
Event: 17.443 Thread 0x000001c7d9c2b440 Uncommon trap: trap_request=0xffffff45 fr.pc=0x000001c7ccd12390 relative=0x0000000000002930
Event: 17.443 Thread 0x000001c7d9c2b440 Uncommon trap: reason=unstable_if action=reinterpret pc=0x000001c7ccd12390 method=org.springframework.core.annotation.AnnotationsScanner.processClassInheritedAnnotations(Ljava/lang/Object;Ljava/lang/Class;Lorg/springframework/core/annotation/AnnotationsPr
Event: 17.443 Thread 0x000001c7d9c2b440 DEOPT PACKING pc=0x000001c7ccd12390 sp=0x0000009539afe3b0
Event: 17.443 Thread 0x000001c7d9c2b440 DEOPT UNPACKING pc=0x000001c7cc457da2 sp=0x0000009539afe2e0 mode 2
Event: 17.449 Thread 0x000001c7d9c2b440 Uncommon trap: trap_request=0xffffff45 fr.pc=0x000001c7cca15c8c relative=0x000000000000006c
Event: 17.449 Thread 0x000001c7d9c2b440 Uncommon trap: reason=unstable_if action=reinterpret pc=0x000001c7cca15c8c method=org.springframework.util.ConcurrentReferenceHashMap$Segment.clear()V @ 7 c2
Event: 17.449 Thread 0x000001c7d9c2b440 DEOPT PACKING pc=0x000001c7cca15c8c sp=0x0000009539afe850
Event: 17.449 Thread 0x000001c7d9c2b440 DEOPT UNPACKING pc=0x000001c7cc457da2 sp=0x0000009539afe7e0 mode 2
Event: 17.452 Thread 0x000001c7d9c2b440 Uncommon trap: trap_request=0xffffff45 fr.pc=0x000001c7cca36fb8 relative=0x00000000000000f8
Event: 17.452 Thread 0x000001c7d9c2b440 Uncommon trap: reason=unstable_if action=reinterpret pc=0x000001c7cca36fb8 method=java.lang.ref.ReferenceQueue.poll()Ljava/lang/ref/Reference; @ 4 c2
Event: 17.452 Thread 0x000001c7d9c2b440 DEOPT PACKING pc=0x000001c7cca36fb8 sp=0x0000009539afe580
Event: 17.452 Thread 0x000001c7d9c2b440 DEOPT UNPACKING pc=0x000001c7cc457da2 sp=0x0000009539afe448 mode 2
Event: 17.470 Thread 0x000001c7d9c2b440 Uncommon trap: trap_request=0xffffff45 fr.pc=0x000001c7ccbe4934 relative=0x00000000000005b4
Event: 17.470 Thread 0x000001c7d9c2b440 Uncommon trap: reason=unstable_if action=reinterpret pc=0x000001c7ccbe4934 method=java.lang.Integer.stringSize(I)I @ 19 c2
Event: 17.470 Thread 0x000001c7d9c2b440 DEOPT PACKING pc=0x000001c7ccbe4934 sp=0x0000009539afdb10
Event: 17.471 Thread 0x000001c7d9c2b440 DEOPT UNPACKING pc=0x000001c7cc457da2 sp=0x0000009539afda00 mode 2
Event: 17.472 Thread 0x000001c7d9c2b440 Uncommon trap: trap_request=0xffffff45 fr.pc=0x000001c7ccbb5054 relative=0x0000000000001474
Event: 17.472 Thread 0x000001c7d9c2b440 Uncommon trap: reason=unstable_if action=reinterpret pc=0x000001c7ccbb5054 method=java.lang.String.<init>(Ljava/nio/charset/Charset;[BII)V @ 6 c2
Event: 17.472 Thread 0x000001c7d9c2b440 DEOPT PACKING pc=0x000001c7ccbb5054 sp=0x0000009539afdb00
Event: 17.472 Thread 0x000001c7d9c2b440 DEOPT UNPACKING pc=0x000001c7cc457da2 sp=0x0000009539afdab0 mode 2

Classes loaded (20 events):
Event: 17.496 Loading class java/beans/WeakIdentityMap done
Event: 17.496 Loading class java/beans/ThreadGroupContext$1 done
Event: 17.496 Loading class java/beans/WeakIdentityMap$Entry
Event: 17.496 Loading class java/beans/WeakIdentityMap$Entry done
Event: 17.496 Loading class com/sun/beans/introspect/ClassInfo
Event: 17.496 Loading class com/sun/beans/introspect/ClassInfo done
Event: 17.496 Loading class com/sun/beans/introspect/ClassInfo$1
Event: 17.496 Loading class com/sun/beans/util/Cache
Event: 17.497 Loading class com/sun/beans/util/Cache done
Event: 17.497 Loading class com/sun/beans/introspect/ClassInfo$1 done
Event: 17.497 Loading class com/sun/beans/util/Cache$Kind
Event: 17.497 Loading class com/sun/beans/util/Cache$Kind done
Event: 17.497 Loading class com/sun/beans/util/Cache$Kind$1
Event: 17.497 Loading class com/sun/beans/util/Cache$Kind$1 done
Event: 17.497 Loading class com/sun/beans/util/Cache$Kind$2
Event: 17.497 Loading class com/sun/beans/util/Cache$Kind$2 done
Event: 17.497 Loading class com/sun/beans/util/Cache$Kind$3
Event: 17.498 Loading class com/sun/beans/util/Cache$Kind$3 done
Event: 17.498 Loading class com/sun/beans/util/Cache$CacheEntry
Event: 17.498 Loading class com/sun/beans/util/Cache$CacheEntry done

Classes unloaded (0 events):
No events

Classes redefined (0 events):
No events

Internal exceptions (20 events):
Event: 4.744 Thread 0x000001c7d9c2b440 Exception <a 'java/lang/NoSuchMethodError'{0x0000000088178b80}: 'java.lang.Object java.lang.invoke.DirectMethodHandle$Holder.invokeSpecial(java.lang.Object, java.lang.Object, int, java.lang.Object, int)'> (0x0000000088178b80) 
thrown [s\open\src\hotspot\share\interpreter\linkResolver.cpp, line 773]
Event: 4.774 Thread 0x000001c7d9c2b440 Implicit null exception at 0x000001c7ccc9aefb to 0x000001c7ccc9b02c
Event: 4.828 Thread 0x000001c7d9c2b440 Exception <a 'java/lang/IncompatibleClassChangeError'{0x0000000087c47580}: Found class java.lang.Object, but interface was expected> (0x0000000087c47580) 
thrown [s\open\src\hotspot\share\interpreter\linkResolver.cpp, line 840]
Event: 4.860 Thread 0x000001c7d9c2b440 Exception <a 'java/lang/IncompatibleClassChangeError'{0x0000000087bc72c8}: Found class java.lang.Object, but interface was expected> (0x0000000087bc72c8) 
thrown [s\open\src\hotspot\share\interpreter\linkResolver.cpp, line 840]
Event: 4.976 Thread 0x000001c7d9c2b440 Exception <a 'java/lang/IncompatibleClassChangeError'{0x00000000872bb328}: Found class java.lang.Object, but interface was expected> (0x00000000872bb328) 
thrown [s\open\src\hotspot\share\interpreter\linkResolver.cpp, line 840]
Event: 5.004 Thread 0x000001c7d9c2b440 Exception <a 'java/lang/NoSuchMethodError'{0x000000008a581dc0}: 'void java.lang.invoke.Invokers$Holder.invokeExact_MT(java.lang.Object, java.lang.Object, java.lang.Object, java.lang.Object)'> (0x000000008a581dc0) 
thrown [s\open\src\hotspot\share\interpreter\linkResolver.cpp, line 773]
Event: 5.059 Thread 0x000001c7d9c2b440 Exception <a 'java/lang/NoSuchMethodError'{0x000000008a2a7698}: 'java.lang.Object java.lang.invoke.DirectMethodHandle$Holder.newInvokeSpecial(java.lang.Object, java.lang.Object, java.lang.Object, java.lang.Object, java.lang.Object, java.lang.Object, java.lang.Object, java.lang.Object)'> (0x000000008a2a7698) 
thrown [s\open\src\hotspot\share\interpreter\linkResolver.cpp, line 773]
Event: 5.233 Thread 0x000001c7d9c2b440 Exception <a 'java/lang/NoSuchMethodError'{0x0000000088dc6b80}: 'java.lang.Object java.lang.invoke.DirectMethodHandle$Holder.invokeStaticInit(java.lang.Object, java.lang.Object, java.lang.Object, java.lang.Object, java.lang.Object, java.lang.Object, java.lang.Object)'> (0x0000000088dc6b80) 
thrown [s\open\src\hotspot\share\interpreter\linkResolver.cpp, line 773]
Event: 5.236 Thread 0x000001c7d9c2b440 Exception <a 'java/lang/NoSuchMethodError'{0x0000000088de0cc8}: 'int java.lang.invoke.DirectMethodHandle$Holder.invokeStaticInit(java.lang.Object, int, int)'> (0x0000000088de0cc8) 
thrown [s\open\src\hotspot\share\interpreter\linkResolver.cpp, line 773]
Event: 5.236 Thread 0x000001c7d9c2b440 Exception <a 'java/lang/NoSuchMethodError'{0x0000000088de8f50}: 'int java.lang.invoke.DirectMethodHandle$Holder.invokeStaticInit(java.lang.Object, long, long)'> (0x0000000088de8f50) 
thrown [s\open\src\hotspot\share\interpreter\linkResolver.cpp, line 773]
Event: 5.236 Thread 0x000001c7d9c2b440 Exception <a 'java/lang/NoSuchMethodError'{0x0000000088df05d8}: 'int java.lang.invoke.DirectMethodHandle$Holder.invokeStaticInit(java.lang.Object, float, float)'> (0x0000000088df05d8) 
thrown [s\open\src\hotspot\share\interpreter\linkResolver.cpp, line 773]
Event: 5.237 Thread 0x000001c7d9c2b440 Exception <a 'java/lang/NoSuchMethodError'{0x0000000088df7c58}: 'int java.lang.invoke.DirectMethodHandle$Holder.invokeStaticInit(java.lang.Object, double, double)'> (0x0000000088df7c58) 
thrown [s\open\src\hotspot\share\interpreter\linkResolver.cpp, line 773]
Event: 5.237 Thread 0x000001c7d9c2b440 Exception <a 'java/lang/NoSuchMethodError'{0x0000000088dfccc0}: 'int java.lang.invoke.DirectMethodHandle$Holder.invokeStatic(java.lang.Object, long)'> (0x0000000088dfccc0) 
thrown [s\open\src\hotspot\share\interpreter\linkResolver.cpp, line 773]
Event: 5.239 Thread 0x000001c7d9c2b440 Exception <a 'java/lang/NoSuchMethodError'{0x0000000088c1b820}: 'int java.lang.invoke.Invokers$Holder.linkToTargetMethod(java.lang.Object, java.lang.Object)'> (0x0000000088c1b820) 
thrown [s\open\src\hotspot\share\interpreter\linkResolver.cpp, line 773]
Event: 5.279 Thread 0x000001c7d9c2b440 Exception <a 'java/lang/IncompatibleClassChangeError'{0x0000000088bebb80}: Found class java.lang.Object, but interface was expected> (0x0000000088bebb80) 
thrown [s\open\src\hotspot\share\interpreter\linkResolver.cpp, line 840]
Event: 5.315 Thread 0x000001c7d9c2b440 Exception <a 'java/lang/NoSuchMethodError'{0x0000000088992e70}: 'void java.lang.invoke.DirectMethodHandle$Holder.invokeVirtual(java.lang.Object, java.lang.Object, long)'> (0x0000000088992e70) 
thrown [s\open\src\hotspot\share\interpreter\linkResolver.cpp, line 773]
Event: 5.387 Thread 0x000001c7d9c2b440 Exception <a 'java/lang/IncompatibleClassChangeError'{0x000000008856eb10}: Found class java.lang.Object, but interface was expected> (0x000000008856eb10) 
thrown [s\open\src\hotspot\share\interpreter\linkResolver.cpp, line 840]
Event: 5.394 Thread 0x000001c7d9c2b440 Implicit null exception at 0x000001c7ccb07a88 to 0x000001c7ccb07cd8
Event: 5.411 Thread 0x000001c7d9c2b440 Exception <a 'java/lang/NoSuchMethodError'{0x00000000884cf960}: 'java.lang.Object java.lang.invoke.Invokers$Holder.invoke_MT(java.lang.Object, java.lang.Object, java.lang.Object, java.lang.Object, java.lang.Object, java.lang.Object, java.lang.Object, java.lang.Object, java.lang.Object, java.lang.Object, java.lang.Object)'> (0x00000000884cf960) 
thrown [s\open\src\hotspot\share\interpreter\linkResolver.cpp, line 773]
Event: 17.453 Thread 0x000001c7d9c2b440 Exception <a 'java/lang/NoSuchMethodError'{0x0000000089371a90}: 'java.lang.Object java.lang.invoke.DirectMethodHandle$Holder.newInvokeSpecial(java.lang.Object, java.lang.Object, int, java.lang.Object, java.lang.Object)'> (0x0000000089371a90) 
thrown [s\open\src\hotspot\share\interpreter\linkResolver.cpp, line 773]

ZGC Phase Switch (0 events):
No events

VM Operations (20 events):
Event: 5.332 Executing VM operation: HandshakeAllThreads (Deoptimize)
Event: 5.332 Executing VM operation: HandshakeAllThreads (Deoptimize) done
Event: 6.335 Executing VM operation: Cleanup
Event: 6.335 Executing VM operation: Cleanup done
Event: 7.108 Executing VM operation: G1CollectForAllocation (G1 Evacuation Pause)
Event: 7.116 Executing VM operation: G1CollectForAllocation (G1 Evacuation Pause) done
Event: 12.646 Executing VM operation: G1CollectForAllocation (G1 Evacuation Pause)
Event: 12.661 Executing VM operation: G1CollectForAllocation (G1 Evacuation Pause) done
Event: 13.254 Executing VM operation: G1TryInitiateConcMark (G1 Humongous Allocation)
Event: 13.258 Executing VM operation: G1TryInitiateConcMark (G1 Humongous Allocation) done
Event: 13.290 Executing VM operation: G1PauseRemark
Event: 13.294 Executing VM operation: G1PauseRemark done
Event: 13.307 Executing VM operation: G1PauseCleanup
Event: 13.307 Executing VM operation: G1PauseCleanup done
Event: 16.052 Executing VM operation: G1CollectForAllocation (G1 Evacuation Pause)
Event: 16.063 Executing VM operation: G1CollectForAllocation (G1 Evacuation Pause) done
Event: 17.451 Executing VM operation: HandshakeAllThreads (Deoptimize)
Event: 17.451 Executing VM operation: HandshakeAllThreads (Deoptimize) done
Event: 17.451 Executing VM operation: Cleanup
Event: 17.452 Executing VM operation: Cleanup done

Events (20 events):
Event: 17.438 Thread 0x000001c82164d640 Thread added: 0x000001c82164d640
Event: 17.438 Thread 0x000001c82164d640 Thread exited: 0x000001c82164d640
Event: 17.438 Thread 0x000001c821df9200 Thread added: 0x000001c821df9200
Event: 17.444 Thread 0x000001c7d92b98b0 Thread added: 0x000001c7d92b98b0
Event: 17.462 Thread 0x000001c821df8b70 Thread added: 0x000001c821df8b70
Event: 17.462 Thread 0x000001c821df6410 Thread added: 0x000001c821df6410
Event: 17.462 Thread 0x000001c821dfb2d0 Thread added: 0x000001c821dfb2d0
Event: 17.462 Thread 0x000001c821df9890 Thread added: 0x000001c821df9890
Event: 17.463 Thread 0x000001c821df6aa0 Thread added: 0x000001c821df6aa0
Event: 17.463 Thread 0x000001c821df9f20 Thread added: 0x000001c821df9f20
Event: 17.463 Thread 0x000001c821dfa5b0 Thread added: 0x000001c821dfa5b0
Event: 17.463 Thread 0x000001c821df5060 Thread added: 0x000001c821df5060
Event: 17.463 Thread 0x000001c821df7130 Thread added: 0x000001c821df7130
Event: 17.463 Thread 0x000001c821dfbff0 Thread added: 0x000001c821dfbff0
Event: 17.474 Thread 0x000001c821df77c0 Thread added: 0x000001c821df77c0
Event: 17.475 Thread 0x000001c821dfac40 Thread added: 0x000001c821dfac40
Event: 17.495 Thread 0x000001c7d9c2b440 Thread exited: 0x000001c7d9c2b440
Event: 17.499 Thread 0x000001c7d9b7e320 Thread exited: 0x000001c7d9b7e320
Event: 17.499 Thread 0x000001c7ba73ff40 Thread exited: 0x000001c7ba73ff40
Event: 17.499 Thread 0x000001c821dfb960 Thread added: 0x000001c821dfb960


Dynamic libraries:
0x00007ff7e6fd0000 - 0x00007ff7e6fe0000 	C:\Program Files\Java\jdk-21\bin\java.exe
0x00007ffc40a30000 - 0x00007ffc40c47000 	C:\WINDOWS\SYSTEM32\ntdll.dll
0x00007ffc3e6e0000 - 0x00007ffc3e7a4000 	C:\WINDOWS\System32\KERNEL32.DLL
0x00007ffc3df10000 - 0x00007ffc3e2e3000 	C:\WINDOWS\System32\KERNELBASE.dll
0x00007ffc3e3a0000 - 0x00007ffc3e4b1000 	C:\WINDOWS\System32\ucrtbase.dll
0x00007ffc13f10000 - 0x00007ffc13f2b000 	C:\Program Files\Java\jdk-21\bin\VCRUNTIME140.dll
0x00007ffc095b0000 - 0x00007ffc095c9000 	C:\Program Files\Java\jdk-21\bin\jli.dll
0x00007ffc3f3e0000 - 0x00007ffc3f491000 	C:\WINDOWS\System32\ADVAPI32.dll
0x00007ffc3e7b0000 - 0x00007ffc3e857000 	C:\WINDOWS\System32\msvcrt.dll
0x00007ffc40170000 - 0x00007ffc40218000 	C:\WINDOWS\System32\sechost.dll
0x00007ffc3e6b0000 - 0x00007ffc3e6d8000 	C:\WINDOWS\System32\bcrypt.dll
0x00007ffc3ebb0000 - 0x00007ffc3ecc4000 	C:\WINDOWS\System32\RPCRT4.dll
0x00007ffc3e8d0000 - 0x00007ffc3ea81000 	C:\WINDOWS\System32\USER32.dll
0x00007ffc3e370000 - 0x00007ffc3e396000 	C:\WINDOWS\System32\win32u.dll
0x00007ffc21220000 - 0x00007ffc214b8000 	C:\WINDOWS\WinSxS\amd64_microsoft.windows.common-controls_6595b64144ccf1df_6.0.22621.5124_none_270e8f4f7386d69d\COMCTL32.dll
0x00007ffc400f0000 - 0x00007ffc40119000 	C:\WINDOWS\System32\GDI32.dll
0x00007ffc3db50000 - 0x00007ffc3dc6b000 	C:\WINDOWS\System32\gdi32full.dll
0x00007ffc3dd30000 - 0x00007ffc3ddca000 	C:\WINDOWS\System32\msvcp_win.dll
0x00007ffc33380000 - 0x00007ffc3338a000 	C:\WINDOWS\SYSTEM32\VERSION.dll
0x00007ffc3ef10000 - 0x00007ffc3ef41000 	C:\WINDOWS\System32\IMM32.DLL
0x00007ffc378f0000 - 0x00007ffc378fc000 	C:\Program Files\Java\jdk-21\bin\vcruntime140_1.dll
0x00007ffbf1570000 - 0x00007ffbf15fe000 	C:\Program Files\Java\jdk-21\bin\msvcp140.dll
0x00007ffbc10e0000 - 0x00007ffbc1df7000 	C:\Program Files\Java\jdk-21\bin\server\jvm.dll
0x00007ffc3ecd0000 - 0x00007ffc3ed41000 	C:\WINDOWS\System32\WS2_32.dll
0x00007ffc3da20000 - 0x00007ffc3da6d000 	C:\WINDOWS\SYSTEM32\POWRPROF.dll
0x00007ffc37a90000 - 0x00007ffc37ac4000 	C:\WINDOWS\SYSTEM32\WINMM.dll
0x00007ffc3da00000 - 0x00007ffc3da13000 	C:\WINDOWS\SYSTEM32\UMPDC.dll
0x00007ffc3cb80000 - 0x00007ffc3cb98000 	C:\WINDOWS\SYSTEM32\kernel.appcore.dll
0x00007ffc20fb0000 - 0x00007ffc20fba000 	C:\Program Files\Java\jdk-21\bin\jimage.dll
0x00007ffc3b310000 - 0x00007ffc3b542000 	C:\WINDOWS\SYSTEM32\DBGHELP.DLL
0x00007ffc40240000 - 0x00007ffc405d2000 	C:\WINDOWS\System32\combase.dll
0x00007ffc3f760000 - 0x00007ffc3f837000 	C:\WINDOWS\System32\OLEAUT32.dll
0x00007ffc19840000 - 0x00007ffc19872000 	C:\WINDOWS\SYSTEM32\dbgcore.DLL
0x00007ffc3e630000 - 0x00007ffc3e6ab000 	C:\WINDOWS\System32\bcryptPrimitives.dll
0x00007ffc1f7f0000 - 0x00007ffc1f7ff000 	C:\Program Files\Java\jdk-21\bin\instrument.dll
0x00007ffc05860000 - 0x00007ffc0587f000 	C:\Program Files\Java\jdk-21\bin\java.dll
0x00007ffc3f840000 - 0x00007ffc400d6000 	C:\WINDOWS\System32\SHELL32.dll
0x00007ffc3ddd0000 - 0x00007ffc3df0f000 	C:\WINDOWS\System32\wintypes.dll
0x00007ffc3ba80000 - 0x00007ffc3c39a000 	C:\WINDOWS\SYSTEM32\windows.storage.dll
0x00007ffc3f4a0000 - 0x00007ffc3f5aa000 	C:\WINDOWS\System32\SHCORE.dll
0x00007ffc40820000 - 0x00007ffc40883000 	C:\WINDOWS\System32\shlwapi.dll
0x00007ffc3da80000 - 0x00007ffc3daab000 	C:\WINDOWS\SYSTEM32\profapi.dll
0x00007ffbee350000 - 0x00007ffbee427000 	C:\Program Files\Java\jdk-21\bin\jsvml.dll
0x00007ffc04b40000 - 0x00007ffc04b58000 	C:\Program Files\Java\jdk-21\bin\zip.dll
0x00007ffc1f290000 - 0x00007ffc1f2a0000 	C:\Program Files\Java\jdk-21\bin\net.dll
0x00007ffc39540000 - 0x00007ffc3966c000 	C:\WINDOWS\SYSTEM32\WINHTTP.dll
0x00007ffc3d000000 - 0x00007ffc3d06a000 	C:\WINDOWS\system32\mswsock.dll
0x00007ffc05840000 - 0x00007ffc05856000 	C:\Program Files\Java\jdk-21\bin\nio.dll
0x00007ffc00970000 - 0x00007ffc0098a000 	D:\Download (D drive)\IntelliJ IDEA Community Edition 2024.3.1.1\bin\breakgen64.dll
0x00007ffc1f180000 - 0x00007ffc1f189000 	C:\Program Files\Java\jdk-21\bin\extnet.dll
0x00007ffc1e540000 - 0x00007ffc1e54a000 	C:\Program Files\Java\jdk-21\bin\management.dll
0x00007ffc1e2a0000 - 0x00007ffc1e2ab000 	C:\Program Files\Java\jdk-21\bin\management_ext.dll
0x00007ffc3eba0000 - 0x00007ffc3eba8000 	C:\WINDOWS\System32\PSAPI.DLL
0x00007ffc1e790000 - 0x00007ffc1e79e000 	C:\Program Files\Java\jdk-21\bin\sunmscapi.dll
0x00007ffc3e4c0000 - 0x00007ffc3e626000 	C:\WINDOWS\System32\CRYPT32.dll
0x00007ffc3d3f0000 - 0x00007ffc3d41d000 	C:\WINDOWS\SYSTEM32\ncrypt.dll
0x00007ffc3d3b0000 - 0x00007ffc3d3e7000 	C:\WINDOWS\SYSTEM32\NTASN1.dll
0x0000000180000000 - 0x0000000180374000 	C:\Program Files\Apache Tomcat Application\apache-tomcat-9.0.99\bin\tcnative-1.dll
0x00007ffc3d250000 - 0x00007ffc3d26b000 	C:\WINDOWS\SYSTEM32\CRYPTSP.dll
0x00007ffc3cae0000 - 0x00007ffc3cb17000 	C:\WINDOWS\system32\rsaenh.dll
0x00007ffc3d0f0000 - 0x00007ffc3d118000 	C:\WINDOWS\SYSTEM32\USERENV.dll
0x00007ffc3d270000 - 0x00007ffc3d27c000 	C:\WINDOWS\SYSTEM32\CRYPTBASE.dll
0x00007ffc3c640000 - 0x00007ffc3c66d000 	C:\WINDOWS\SYSTEM32\IPHLPAPI.DLL
0x00007ffc400e0000 - 0x00007ffc400e9000 	C:\WINDOWS\System32\NSI.dll
0x00007ffc10a60000 - 0x00007ffc10a70000 	C:\Program Files\Java\jdk-21\bin\verify.dll
0x00007ffc3c670000 - 0x00007ffc3c772000 	C:\WINDOWS\SYSTEM32\DNSAPI.dll
0x00007ffc32a00000 - 0x00007ffc32a0a000 	C:\Windows\System32\rasadhlp.dll
0x00007ffc331c0000 - 0x00007ffc33243000 	C:\WINDOWS\System32\fwpuclnt.dll
0x00007ffc19340000 - 0x00007ffc19348000 	C:\WINDOWS\system32\wshunix.dll

dbghelp: loaded successfully - version: 4.0.5 - missing functions: none
symbol engine: initialized successfully - sym options: 0x614 - pdb path: .;C:\Program Files\Java\jdk-21\bin;C:\WINDOWS\SYSTEM32;C:\WINDOWS\WinSxS\amd64_microsoft.windows.common-controls_6595b64144ccf1df_6.0.22621.5124_none_270e8f4f7386d69d;C:\Program Files\Java\jdk-21\bin\server;D:\Download (D drive)\IntelliJ IDEA Community Edition 2024.3.1.1\bin;C:\Program Files\Apache Tomcat Application\apache-tomcat-9.0.99\bin

VM Arguments:
jvm_args: -javaagent:D:\Download (D drive)\IntelliJ IDEA Community Edition 2024.3.1.1\lib\idea_rt.jar=57527:D:\Download (D drive)\IntelliJ IDEA Community Edition 2024.3.1.1\bin -Dfile.encoding=UTF-8 -Dsun.stdout.encoding=UTF-8 -Dsun.stderr.encoding=UTF-8 
java_command: com.tot.util.QrAttendanceApplication
java_class_path (initial): D:\projects\QRAttendace\target\classes;C:\Users\hp\.m2\repository\org\springframework\boot\spring-boot-starter-data-jpa\3.4.4\spring-boot-starter-data-jpa-3.4.4.jar;C:\Users\hp\.m2\repository\org\springframework\boot\spring-boot-starter\3.4.4\spring-boot-starter-3.4.4.jar;C:\Users\hp\.m2\repository\org\springframework\boot\spring-boot-starter-logging\3.4.4\spring-boot-starter-logging-3.4.4.jar;C:\Users\hp\.m2\repository\ch\qos\logback\logback-classic\1.5.18\logback-classic-1.5.18.jar;C:\Users\hp\.m2\repository\ch\qos\logback\logback-core\1.5.18\logback-core-1.5.18.jar;C:\Users\hp\.m2\repository\org\apache\logging\log4j\log4j-to-slf4j\2.24.3\log4j-to-slf4j-2.24.3.jar;C:\Users\hp\.m2\repository\org\apache\logging\log4j\log4j-api\2.24.3\log4j-api-2.24.3.jar;C:\Users\hp\.m2\repository\org\slf4j\jul-to-slf4j\2.0.17\jul-to-slf4j-2.0.17.jar;C:\Users\hp\.m2\repository\jakarta\annotation\jakarta.annotation-api\2.1.1\jakarta.annotation-api-2.1.1.jar;C:\Users\hp\.m2\repository\org\yaml\snakeyaml\2.3\snakeyaml-2.3.jar;C:\Users\hp\.m2\repository\org\springframework\boot\spring-boot-starter-jdbc\3.4.4\spring-boot-starter-jdbc-3.4.4.jar;C:\Users\hp\.m2\repository\com\zaxxer\HikariCP\5.1.0\HikariCP-5.1.0.jar;C:\Users\hp\.m2\repository\org\springframework\spring-jdbc\6.2.5\spring-jdbc-6.2.5.jar;C:\Users\hp\.m2\repository\org\hibernate\orm\hibernate-core\6.6.11.Final\hibernate-core-6.6.11.Final.jar;C:\Users\hp\.m2\repository\jakarta\persistence\jakarta.persistence-api\3.1.0\jakarta.persistence-api-3.1.0.jar;C:\Users\hp\.m2\repository\jakarta\transaction\jakarta.transaction-api\2.0.1\jakarta.transaction-api-2.0.1.jar;C:\Users\hp\.m2\repository\org\jboss\logging\jboss-logging\3.6.1.Final\jboss-logging-3.6.1.Final.jar;C:\Users\hp\.m2\repository\org\hibernate\common\hibernate-commons-annotations\7.0.3.Final\hibernate-commons-annotations-7.0.3.Final.jar;C:\Users\hp\.m2\repository\io\smallrye\jandex\3.2.0\jandex-3.2.0.jar;C:\Users\hp\.m2\repository\com\fasterxml\classmate\1.7.0\classmate-1.7.0.jar;C:\Users\hp\.m2\repository\net\bytebuddy\byte-buddy\1.15.11\byte-buddy-1.15.11.jar;C:\Users\hp\.m2\repository\org\glassfish\jaxb\jaxb-runtime\4.0.5\jaxb-runtime-4.0.5.jar;C:\Users\hp\.m2\repository\org\glassfish\jaxb\jaxb-core\4.0.5\jaxb-core-4.0.5.jar;C:\Users\hp\.m2\repository\org\eclipse\angus\angus-activation\2.0.2\angus-activation-2.0.2.jar;C:\Users\hp\.m2\repository\org\glassfish\jaxb\txw2\4.0.5\txw2-4.0.5.jar;C:\Users\hp\.m2\repository\com\sun\istack\istack-commons-runtime\4.1.2\istack-commons-runtime-4.1.2.jar;C:\Users\hp\.m2\repository\jakarta\inject\jakarta.inject-api\2.0.1\jakarta.inject-api-2.0.1.jar;C:\Users\hp\.m2\repository\org\antlr\antlr4-runtime\4.13.0\antlr4-runtime-4.13.0.jar;C:\Users\hp\.m2\repository\org\springframework\data\spring-data-jpa\3.4.4\spring-data-jpa-3.4.4.jar;C:\Users\hp\.m2\repository\org\springframework\data\spring-data-commons\3.4.4\spring-data-commons-3.4.4.jar;C:\Users\hp\.m2\repository\org\springframework\spring-orm\6.2.5\spring-orm-6.2.5.jar;C:\Users\hp\.m2\repository\org\springframework\spring-context\6.2.5\spring-context-6.2.5.jar;C:\Users\hp\.m2\repository\org\springframework\spring-aop\6.2.5\spring-aop-6.2.5.jar;C:\Users\hp\.m2\repository\org\springframework\spring-tx\6.2.5\spring-tx-6.2.5.jar;C:\Users\hp\.m2\repository\org\springframework\spring-beans\6.2.5\spring-beans-6.2.5.jar;C:\Users\hp\.m2\repository\org\slf4j\slf4j-api\2.0.17\slf4j-api-2.0.17.jar;C:\Users\hp\.m2\repository\org\springframework\spring-aspects\6.2.5\spring-aspects-6.2.5.jar;C:\Users\hp\.m2\repository\org\aspectj\aspectjweaver\1.9.23\aspectjweaver-1.9.23.jar;C:\Users\hp\.m2\repository\org\springframework\boot\spring-boot-starter-web\3.4.4\spring-boot-starter-web-3.4.4.jar;C:\Users\hp\.m2\repository\org\springframework\boot\spring-boot-starter-json\3.4.4\spring-boot-starter-json-3.4.4.jar;C:\Users\hp\.m2\repository\com\fasterxml\jackson\core\jackson-databind\2.18.3\jackson-databind-2.18.3.jar;C:\Users\hp\.m2\repository\com\fasterxml\jackson\core\jackson-annotations\2.18.3\jackson-annotations-2.18.3.jar;C:\Users\hp\.m2\repository\com\fasterxml\jackson\core\jackson-core\2.18.3\jackson-core-2.18.3.jar;C:\Users\hp\.m2\repository\com\fasterxml\jackson\datatype\jackson-datatype-jdk8\2.18.3\jackson-datatype-jdk8-2.18.3.jar;C:\Users\hp\.m2\repository\com\fasterxml\jackson\datatype\jackson-datatype-jsr310\2.18.3\jackson-datatype-jsr310-2.18.3.jar;C:\Users\hp\.m2\repository\com\fasterxml\jackson\module\jackson-module-parameter-names\2.18.3\jackson-module-parameter-names-2.18.3.jar;C:\Users\hp\.m2\repository\org\springframework\boot\spring-boot-starter-tomcat\3.4.4\spring-boot-starter-tomcat-3.4.4.jar;C:\Users\hp\.m2\repository\org\apache\tomcat\embed\tomcat-embed-core\10.1.39\tomcat-embed-core-10.1.39.jar;C:\Users\hp\.m2\repository\org\apache\tomcat\embed\tomcat-embed-el\10.1.39\tomcat-embed-el-10.1.39.jar;C:\Users\hp\.m2\repository\org\apache\tomcat\embed\tomcat-embed-websocket\10.1.39\tomcat-embed-websocket-10.1.39.jar;C:\Users\hp\.m2\repository\org\springframework\spring-web\6.2.5\spring-web-6.2.5.jar;C:\Users\hp\.m2\repository\io\micrometer\micrometer-observation\1.14.5\micrometer-observation-1.14.5.jar;C:\Users\hp\.m2\repository\io\micrometer\micrometer-commons\1.14.5\micrometer-commons-1.14.5.jar;C:\Users\hp\.m2\repository\org\springframework\spring-webmvc\6.2.5\spring-webmvc-6.2.5.jar;C:\Users\hp\.m2\repository\org\springframework\spring-expression\6.2.5\spring-expression-6.2.5.jar;C:\Users\hp\.m2\repository\org\springframework\boot\spring-boot-devtools\3.4.4\spring-boot-devtools-3.4.4.jar;C:\Users\hp\.m2\repository\org\springframework\boot\spring-boot\3.4.4\spring-boot-3.4.4.jar;C:\Users\hp\.m2\repository\org\springframework\boot\spring-boot-autoconfigure\3.4.4\spring-boot-autoconfigure-3.4.4.jar;C:\Users\hp\.m2\repository\com\google\zxing\javase\3.5.1\javase-3.5.1.jar;C:\Users\hp\.m2\repository\com\beust\jcommander\1.82\jcommander-1.82.jar;C:\Users\hp\.m2\repository\com\github\jai-imageio\jai-imageio-core\1.4.0\jai-imageio-core-1.4.0.jar;C:\Users\hp\.m2\repository\com\google\zxing\core\3.5.1\core-3.5.1.jar;C:\Users\hp\.m2\repository\org\postgresql\postgresql\42.7.5\postgresql-42.7.5.jar;C:\Users\hp\.m2\repository\org\checkerframework\checker-qual\3.48.3\checker-qual-3.48.3.jar;C:\Users\hp\.m2\repository\org\projectlombok\lombok\1.18.36\lombok-1.18.36.jar;C:\Users\hp\.m2\repository\jakarta\xml\bind\jakarta.xml.bind-api\4.0.2\jakarta.xml.bind-api-4.0.2.jar;C:\Users\hp\.m2\repository\jakarta\activation\jakarta.activation-api\2.1.3\jakarta.activation-api-2.1.3.jar;C:\Users\hp\.m2\repository\org\springframework\spring-core\6.2.5\spring-core-6.2.5.jar;C:\Users\hp\.m2\repository\org\springframework\spring-jcl\6.2.5\spring-jcl-6.2.5.jar
Launcher Type: SUN_STANDARD

[Global flags]
     intx CICompilerCount                          = 4                                         {product} {ergonomic}
     uint ConcGCThreads                            = 2                                         {product} {ergonomic}
     uint G1ConcRefinementThreads                  = 8                                         {product} {ergonomic}
   size_t G1HeapRegionSize                         = 1048576                                   {product} {ergonomic}
    uintx GCDrainStackTargetSize                   = 64                                        {product} {ergonomic}
   size_t InitialHeapSize                          = 130023424                                 {product} {ergonomic}
   size_t MarkStackSize                            = 4194304                                   {product} {ergonomic}
   size_t MaxHeapSize                              = 2055208960                                {product} {ergonomic}
   size_t MaxNewSize                               = 1233125376                                {product} {ergonomic}
   size_t MinHeapDeltaBytes                        = 1048576                                   {product} {ergonomic}
   size_t MinHeapSize                              = 8388608                                   {product} {ergonomic}
    uintx NonNMethodCodeHeapSize                   = 5839372                                {pd product} {ergonomic}
    uintx NonProfiledCodeHeapSize                  = 122909434                              {pd product} {ergonomic}
    uintx ProfiledCodeHeapSize                     = 122909434                              {pd product} {ergonomic}
    uintx ReservedCodeCacheSize                    = 251658240                              {pd product} {ergonomic}
     bool SegmentedCodeCache                       = true                                      {product} {ergonomic}
   size_t SoftMaxHeapSize                          = 2055208960                             {manageable} {ergonomic}
     bool UseCompressedOops                        = true                           {product lp64_product} {ergonomic}
     bool UseG1GC                                  = true                                      {product} {ergonomic}
     bool UseLargePagesIndividualAllocation        = false                                  {pd product} {ergonomic}

Logging:
Log output configuration:
 #0: stdout all=warning uptime,level,tags foldmultilines=false
 #1: stderr all=off uptime,level,tags foldmultilines=false

Environment Variables:
JAVA_HOME=C:\Program Files\Java\jdk1.8.0_321
PATH=C:\Python312\Scripts\;C:\Python312\;C:\Program Files\Python310\Scripts\;C:\Program Files\Python310\;C:\Program Files\Common Files\Oracle\Java\javapath;C:\Program Files (x86)\Common Files\Oracle\Java\java8path;C:\Program Files (x86)\Common Files\Oracle\Java\javapath;C:\WINDOWS\system32;C:\WINDOWS;C:\WINDOWS\System32\Wbem;C:\WINDOWS\System32\WindowsPowerShell\v1.0\;C:\WINDOWS\System32\OpenSSH\;C:\Program Files\Microsoft\Web Platform Installer\;C:\Program Files (x86)\Microsoft ASP.NET\ASP.NET Web Pages\v1.0\;C:\Program Files\Microsoft SQL Server\110\Tools\Binn\;C:\Program Files\Java\jdk-19\bin;C:\Program Files\MySQL\MySQL Server 8.0\bin;C:\Users\hp\AppData\Roaming\npm;C:\Program Files\Microsoft SQL Server\150\Tools\Binn\;C:\Program Files\Microsoft SQL Server\Client SDK\ODBC\170\Tools\Binn\;C:\MinGW\bin;C:\Program Files\Git\cmd;C:\Program Files (x86)\Microsoft SQL Server\160\Tools\Binn\;C:\Program Files\Microsoft SQL Server\160\Tools\Binn\;C:\Program Files\Microsoft SQL Server\160\DTS\Binn\;C:\Program Files (x86)\Microsoft SQL Server\160\DTS\Binn\;C:\Program Files\Java\jdk1.8.0_321\bin;C:\Program Files\dotnet\;C:\Program Files\Microsoft Visual Studio\2022\Community\VC\Tools\Llvm\x64\bin;C:\Program Files\Microsoft Visual Studio\2022\Community\VC\Tools\Llvm\bin;C:\Program Files (x86)\Windows Kits\10\Windows Performance Toolkit\;C:\Program Files\nodejs\;C:\ProgramData\chocolatey\bin;C:\Program Files\Apache Software Foundation\Tomcat 9.0\lib\servlet-api.jar;C:\Program Files\Apache Tomcat Application\apache-tomcat-9.0.99\bin;C:\Program Files\MySQL\MySQL Shell 8.0\bin\;C:\Users\hp\AppData\Local\Microsoft\WindowsApps;C:\msys64\mingw64\bin;C:\Users\hp\AppData\Local\Programs\Microsoft VS Code\bin;C:\Users\hp\.dotnet\tools;C:\Users\hp\AppData\Roaming\npm;D:\Download (D drive)\IntelliJ IDEA 2024.3.1.1\bin;;D:\Download (D drive)\IntelliJ IDEA Community Edition 2024.3.1.1\bin;
USERNAME=hp
OS=Windows_NT
PROCESSOR_IDENTIFIER=Intel64 Family 6 Model 140 Stepping 1, GenuineIntel
TMP=C:\Users\hp\AppData\Local\Temp
TEMP=C:\Users\hp\AppData\Local\Temp




Periodic native trim disabled

---------------  S Y S T E M  ---------------

OS:
 Windows 11 , 64 bit Build 22621 (10.0.22621.5124)
OS uptime: 3 days 20:36 hours

CPU: total 8 (initial active 8) (4 cores per cpu, 2 threads per core) family 6 model 140 stepping 1 microcode 0xb4, cx8, cmov, fxsr, ht, mmx, 3dnowpref, sse, sse2, sse3, ssse3, sse4.1, sse4.2, popcnt, lzcnt, tsc, tscinvbit, avx, avx2, aes, erms, clmul, bmi1, bmi2, adx, avx512f, avx512dq, avx512cd, avx512bw, avx512vl, sha, fma, vzeroupper, avx512_vpopcntdq, avx512_vpclmulqdq, avx512_vaes, avx512_vnni, clflush, clflushopt, clwb, avx512_vbmi2, avx512_vbmi, rdtscp, rdpid, fsrm, gfni, avx512_bitalg, f16c, pku, cet_ibt, cet_ss, avx512_ifma
Processor Information for processor 0
  Max Mhz: 2401, Current Mhz: 2401, Mhz Limit: 2401
Processor Information for processor 1
  Max Mhz: 2401, Current Mhz: 900, Mhz Limit: 2401
Processor Information for processor 2
  Max Mhz: 2401, Current Mhz: 2401, Mhz Limit: 2401
Processor Information for processor 3
  Max Mhz: 2401, Current Mhz: 900, Mhz Limit: 2401
Processor Information for processor 4
  Max Mhz: 2401, Current Mhz: 2401, Mhz Limit: 2401
Processor Information for processor 5
  Max Mhz: 2401, Current Mhz: 900, Mhz Limit: 2401
Processor Information for processor 6
  Max Mhz: 2401, Current Mhz: 400, Mhz Limit: 2401
Processor Information for processor 7
  Max Mhz: 2401, Current Mhz: 400, Mhz Limit: 2401

Memory: 4k page, system-wide physical 7834M (441M free)
TotalPageFile size 13557M (AvailPageFile size 6M)
current process WorkingSet (physical memory assigned to process): 246M, peak: 265M
current process commit charge ("private bytes"): 283M, peak: 306M

vm_info: Java HotSpot(TM) 64-Bit Server VM (21.0.2+13-LTS-58) for windows-amd64 JRE (21.0.2+13-LTS-58), built on 2024-01-05T18:32:24Z by "mach5one" with MS VC++ 17.1 (VS2022)

END.
