#
# There is insufficient memory for the Java Runtime Environment to continue.
# Native memory allocation (malloc) failed to allocate 1627664 bytes for Chunk::new
# Possible reasons:
#   The system is out of physical RAM or swap space
#   The process is running with CompressedOops enabled, and the Java Heap may be blocking the growth of the native heap
# Possible solutions:
#   Reduce memory load on the system
#   Increase physical memory or swap space
#   Check if swap backing store is full
#   Decrease Java heap size (-Xmx/-Xms)
#   Decrease number of Java threads
#   Decrease Java thread stack sizes (-Xss)
#   Set larger code cache with -XX:ReservedCodeCacheSize=
#   JVM is running with Unscaled Compressed Oops mode in which the Java heap is
#     placed in the first 4GB address space. The Java Heap base address is the
#     maximum limit for the native heap growth. Please use -XX:HeapBaseMinAddress
#     to set the Java Heap base and to place the Java Heap above 4GB virtual address.
# This output file may be truncated or incomplete.
#
#  Out of Memory Error (arena.cpp:168), pid=6012, tid=13900
#
# JRE version: Java(TM) SE Runtime Environment (21.0.2+13) (build 21.0.2+13-LTS-58)
# Java VM: Java HotSpot(TM) 64-Bit Server VM (21.0.2+13-LTS-58, mixed mode, sharing, tiered, compressed oops, compressed class ptrs, g1 gc, windows-amd64)
# No core dump will be written. Minidumps are not enabled by default on client versions of Windows
#

---------------  S U M M A R Y ------------

Command Line: -javaagent:D:\Download (D drive)\IntelliJ IDEA Community Edition 2024.3.1.1\lib\idea_rt.jar=50496:D:\Download (D drive)\IntelliJ IDEA Community Edition 2024.3.1.1\bin -Dfile.encoding=UTF-8 -Dsun.stdout.encoding=UTF-8 -Dsun.stderr.encoding=UTF-8 com.tot.util.QrAttendanceApplication

Host: 11th Gen Intel(R) Core(TM) i5-1135G7 @ 2.40GHz, 8 cores, 7G,  Windows 11 , 64 bit Build 22621 (10.0.22621.5124)
Time: Tue Apr  1 22:40:50 2025 India Standard Time elapsed time: 86.724118 seconds (0d 0h 1m 26s)

---------------  T H R E A D  ---------------

Current thread (0x0000023746056ae0):  JavaThread "C2 CompilerThread0" daemon [_thread_in_native, id=13900, stack(0x00000053c7c00000,0x00000053c7d00000) (1024K)]


Current CompileTask:
C2:  86724 5468       4       org.springframework.core.ResolvableType::hasGenerics (14 bytes)

Stack: [0x00000053c7c00000,0x00000053c7d00000]
Native frames: (J=compiled Java code, j=interpreted, Vv=VM code, C=native code)
V  [jvm.dll+0x6cade9]
V  [jvm.dll+0x8569c1]
V  [jvm.dll+0x858d2e]
V  [jvm.dll+0x859413]
V  [jvm.dll+0x280e56]
V  [jvm.dll+0xc3f3d]
V  [jvm.dll+0xc4473]
V  [jvm.dll+0x3b5c2c]
V  [jvm.dll+0x1e2209]
V  [jvm.dll+0x249d22]
V  [jvm.dll+0x2491b1]
V  [jvm.dll+0x1c9634]
V  [jvm.dll+0x258859]
V  [jvm.dll+0x256e3a]
V  [jvm.dll+0x3ef6c6]
V  [jvm.dll+0x7ff568]
V  [jvm.dll+0x6c953d]
C  [ucrtbase.dll+0x29333]
C  [KERNEL32.DLL+0x1259d]
C  [ntdll.dll+0x5af38]


---------------  P R O C E S S  ---------------

Threads class SMR info:
_java_thread_list=0x000002378da6e670, length=32, elements={
0x00000237460189a0, 0x00000237460196c0, 0x000002374601c0a0, 0x000002374601cb00,
0x000002374601e200, 0x0000023746026da0, 0x0000023746056ae0, 0x00000237460595a0,
0x0000023746250a00, 0x0000023746551050, 0x00000237465516c0, 0x000002378d8a83d0,
0x0000023790ea3bc0, 0x000002378e10a610, 0x000002378c1fecb0, 0x000002378c200d80,
0x000002378c201410, 0x000002378ef304e0, 0x000002378ef2eaa0, 0x000002378ef2f130,
0x000002378ef2f7c0, 0x000002378ef2d060, 0x000002378ef2d6f0, 0x000002378ef2dd80,
0x000002378ef2fe50, 0x000002378ef2e410, 0x00000237462a12e0, 0x00000237462a4df0,
0x00000237462a7be0, 0x00000237462a5b10, 0x00000237462a1970, 0x000002378f69d1a0
}

Java Threads: ( => current thread )
  0x00000237460189a0 JavaThread "Reference Handler"          daemon [_thread_blocked, id=2936, stack(0x00000053c7600000,0x00000053c7700000) (1024K)]
  0x00000237460196c0 JavaThread "Finalizer"                  daemon [_thread_blocked, id=18108, stack(0x00000053c7700000,0x00000053c7800000) (1024K)]
  0x000002374601c0a0 JavaThread "Signal Dispatcher"          daemon [_thread_blocked, id=17740, stack(0x00000053c7800000,0x00000053c7900000) (1024K)]
  0x000002374601cb00 JavaThread "Attach Listener"            daemon [_thread_blocked, id=4752, stack(0x00000053c7900000,0x00000053c7a00000) (1024K)]
  0x000002374601e200 JavaThread "Service Thread"             daemon [_thread_blocked, id=3668, stack(0x00000053c7a00000,0x00000053c7b00000) (1024K)]
  0x0000023746026da0 JavaThread "Monitor Deflation Thread"   daemon [_thread_blocked, id=7988, stack(0x00000053c7b00000,0x00000053c7c00000) (1024K)]
=>0x0000023746056ae0 JavaThread "C2 CompilerThread0"         daemon [_thread_in_native, id=13900, stack(0x00000053c7c00000,0x00000053c7d00000) (1024K)]
  0x00000237460595a0 JavaThread "C1 CompilerThread0"         daemon [_thread_blocked, id=8456, stack(0x00000053c7d00000,0x00000053c7e00000) (1024K)]
  0x0000023746250a00 JavaThread "Common-Cleaner"             daemon [_thread_blocked, id=13832, stack(0x00000053c7e00000,0x00000053c7f00000) (1024K)]
  0x0000023746551050 JavaThread "Monitor Ctrl-Break"         daemon [_thread_in_native, id=4796, stack(0x00000053c8000000,0x00000053c8100000) (1024K)]
  0x00000237465516c0 JavaThread "Notification Thread"        daemon [_thread_blocked, id=17308, stack(0x00000053c8100000,0x00000053c8200000) (1024K)]
  0x000002378d8a83d0 JavaThread "Catalina-utility-1"                [_thread_blocked, id=5380, stack(0x00000053c8d00000,0x00000053c8e00000) (1024K)]
  0x0000023790ea3bc0 JavaThread "Catalina-utility-2"                [_thread_blocked, id=4164, stack(0x00000053c8e00000,0x00000053c8f00000) (1024K)]
  0x000002378e10a610 JavaThread "container-0"                       [_thread_blocked, id=7748, stack(0x00000053c8f00000,0x00000053c9000000) (1024K)]
  0x000002378c1fecb0 JavaThread "PostgreSQL-JDBC-Cleaner"    daemon [_thread_blocked, id=13784, stack(0x00000053c8c00000,0x00000053c8d00000) (1024K)]
  0x000002378c200d80 JavaThread "HikariPool-1 housekeeper"   daemon [_thread_blocked, id=3820, stack(0x00000053c9100000,0x00000053c9200000) (1024K)]
  0x000002378c201410 JavaThread "File Watcher"               daemon [_thread_blocked, id=17048, stack(0x00000053c9300000,0x00000053c9400000) (1024K)]
  0x000002378ef304e0 JavaThread "Live Reload Server"         daemon [_thread_in_native, id=15788, stack(0x00000053c9400000,0x00000053c9500000) (1024K)]
  0x000002378ef2eaa0 JavaThread "http-nio-8080-exec-1"       daemon [_thread_in_vm, id=11168, stack(0x00000053c9500000,0x00000053c9600000) (1024K)]
  0x000002378ef2f130 JavaThread "http-nio-8080-exec-2"       daemon [_thread_blocked, id=14020, stack(0x00000053c9600000,0x00000053c9700000) (1024K)]
  0x000002378ef2f7c0 JavaThread "http-nio-8080-exec-3"       daemon [_thread_blocked, id=11540, stack(0x00000053c9700000,0x00000053c9800000) (1024K)]
  0x000002378ef2d060 JavaThread "http-nio-8080-exec-4"       daemon [_thread_blocked, id=10920, stack(0x00000053c9800000,0x00000053c9900000) (1024K)]
  0x000002378ef2d6f0 JavaThread "http-nio-8080-exec-5"       daemon [_thread_blocked, id=11384, stack(0x00000053c9900000,0x00000053c9a00000) (1024K)]
  0x000002378ef2dd80 JavaThread "http-nio-8080-exec-6"       daemon [_thread_blocked, id=2028, stack(0x00000053c9a00000,0x00000053c9b00000) (1024K)]
  0x000002378ef2fe50 JavaThread "http-nio-8080-exec-7"       daemon [_thread_blocked, id=6280, stack(0x00000053c9b00000,0x00000053c9c00000) (1024K)]
  0x000002378ef2e410 JavaThread "http-nio-8080-exec-8"       daemon [_thread_blocked, id=14660, stack(0x00000053c9c00000,0x00000053c9d00000) (1024K)]
  0x00000237462a12e0 JavaThread "http-nio-8080-exec-9"       daemon [_thread_blocked, id=11672, stack(0x00000053c9d00000,0x00000053c9e00000) (1024K)]
  0x00000237462a4df0 JavaThread "http-nio-8080-exec-10"      daemon [_thread_blocked, id=9124, stack(0x00000053c9e00000,0x00000053c9f00000) (1024K)]
  0x00000237462a7be0 JavaThread "http-nio-8080-Poller"       daemon [_thread_in_native, id=9164, stack(0x00000053c9f00000,0x00000053ca000000) (1024K)]
  0x00000237462a5b10 JavaThread "http-nio-8080-Acceptor"     daemon [_thread_in_native, id=6588, stack(0x00000053ca000000,0x00000053ca100000) (1024K)]
  0x00000237462a1970 JavaThread "DestroyJavaVM"                     [_thread_blocked, id=9132, stack(0x00000053c6e00000,0x00000053c6f00000) (1024K)]
  0x000002378f69d1a0 JavaThread "C2 CompilerThread1"         daemon [_thread_in_native, id=9376, stack(0x00000053c6b00000,0x00000053c6c00000) (1024K)]
Total: 32

Other Threads:
  0x0000023745ff95d0 VMThread "VM Thread"                           [id=13096, stack(0x00000053c7500000,0x00000053c7600000) (1024K)]
  0x0000023745fe1850 WatcherThread "VM Periodic Task Thread"        [id=10572, stack(0x00000053c7400000,0x00000053c7500000) (1024K)]
  0x0000023729849290 WorkerThread "GC Thread#0"                     [id=11524, stack(0x00000053c6f00000,0x00000053c7000000) (1024K)]
  0x0000023746b533b0 WorkerThread "GC Thread#1"                     [id=12408, stack(0x00000053c8400000,0x00000053c8500000) (1024K)]
  0x000002378c0145e0 WorkerThread "GC Thread#2"                     [id=5044, stack(0x00000053c8500000,0x00000053c8600000) (1024K)]
  0x000002378c014980 WorkerThread "GC Thread#3"                     [id=16068, stack(0x00000053c8600000,0x00000053c8700000) (1024K)]
  0x000002378c014d20 WorkerThread "GC Thread#4"                     [id=7948, stack(0x00000053c8700000,0x00000053c8800000) (1024K)]
  0x000002378c015540 WorkerThread "GC Thread#5"                     [id=12988, stack(0x00000053c8800000,0x00000053c8900000) (1024K)]
  0x000002378c37b2f0 WorkerThread "GC Thread#6"                     [id=6520, stack(0x00000053c8a00000,0x00000053c8b00000) (1024K)]
  0x000002378c3e7150 WorkerThread "GC Thread#7"                     [id=2468, stack(0x00000053c8b00000,0x00000053c8c00000) (1024K)]
  0x0000023729859830 ConcurrentGCThread "G1 Main Marker"            [id=14464, stack(0x00000053c7000000,0x00000053c7100000) (1024K)]
  0x000002372985a240 WorkerThread "G1 Conc#0"                       [id=7096, stack(0x00000053c7100000,0x00000053c7200000) (1024K)]
  0x000002378c859e50 WorkerThread "G1 Conc#1"                       [id=10048, stack(0x00000053c8900000,0x00000053c8a00000) (1024K)]
  0x0000023745eb4500 ConcurrentGCThread "G1 Refine#0"               [id=2860, stack(0x00000053c7200000,0x00000053c7300000) (1024K)]
  0x00000237298ad820 ConcurrentGCThread "G1 Service"                [id=12468, stack(0x00000053c7300000,0x00000053c7400000) (1024K)]
Total: 15

Threads with active compile tasks:
C2 CompilerThread0    86760 5468       4       org.springframework.core.ResolvableType::hasGenerics (14 bytes)
C2 CompilerThread1    86761 5562   !   4       jdk.internal.loader.AbstractClassLoaderValue::get (21 bytes)
Total: 2

VM state: not at safepoint (normal execution)

VM Mutex/Monitor currently owned by a thread: None

Heap address: 0x0000000085800000, size: 1960 MB, Compressed Oops mode: 32-bit

CDS archive(s) mapped at: [0x0000023747000000-0x0000023747c90000-0x0000023747c90000), size 13172736, SharedBaseAddress: 0x0000023747000000, ArchiveRelocationMode: 1.
Compressed class space mapped at: 0x0000023748000000-0x0000023788000000, reserved size: 1073741824
Narrow klass base: 0x0000023747000000, Narrow klass shift: 0, Narrow klass range: 0x100000000

GC Precious Log:
 CardTable entry size: 512
 Card Set container configuration: InlinePtr #cards 5 size 8 Array Of Cards #cards 12 size 40 Howl #buckets 4 coarsen threshold 1843 Howl Bitmap #cards 512 size 80 coarsen threshold 460 Card regions per heap region 1 cards per card region 2048
 CPUs: 8 total, 8 available
 Memory: 7834M
 Large Page Support: Disabled
 NUMA Support: Disabled
 Compressed Oops: Enabled (32-bit)
 Heap Region Size: 1M
 Heap Min Capacity: 8M
 Heap Initial Capacity: 124M
 Heap Max Capacity: 1960M
 Pre-touch: Disabled
 Parallel Workers: 8
 Concurrent Workers: 2
 Concurrent Refinement Workers: 8
 Periodic GC: Disabled

Heap:
 garbage-first heap   total 55296K, used 42006K [0x0000000085800000, 0x0000000100000000)
  region size 1024K, 16 young (16384K), 1 survivors (1024K)
 Metaspace       used 64177K, committed 64832K, reserved 1114112K
  class space    used 8750K, committed 9024K, reserved 1048576K

Heap Regions: E=young(eden), S=young(survivor), O=old, HS=humongous(starts), HC=humongous(continues), CS=collection set, F=free, TAMS=top-at-mark-start, PB=parsable bottom
|   0|0x0000000085800000, 0x0000000085900000, 0x0000000085900000|100%|HS|  |TAMS 0x0000000085800000| PB 0x0000000085800000| Complete 
|   1|0x0000000085900000, 0x0000000085a00000, 0x0000000085a00000|100%|HS|  |TAMS 0x0000000085900000| PB 0x0000000085900000| Complete 
|   2|0x0000000085a00000, 0x0000000085b00000, 0x0000000085b00000|100%| O|  |TAMS 0x0000000085a00000| PB 0x0000000085a00000| Untracked 
|   3|0x0000000085b00000, 0x0000000085c00000, 0x0000000085c00000|100%| O|  |TAMS 0x0000000085b00000| PB 0x0000000085b00000| Untracked 
|   4|0x0000000085c00000, 0x0000000085d00000, 0x0000000085d00000|100%| O|  |TAMS 0x0000000085c00000| PB 0x0000000085c00000| Untracked 
|   5|0x0000000085d00000, 0x0000000085e00000, 0x0000000085e00000|100%| O|  |TAMS 0x0000000085d00000| PB 0x0000000085d00000| Untracked 
|   6|0x0000000085e00000, 0x0000000085f00000, 0x0000000085f00000|100%| O|  |TAMS 0x0000000085e00000| PB 0x0000000085e00000| Untracked 
|   7|0x0000000085f00000, 0x0000000086000000, 0x0000000086000000|100%| O|  |TAMS 0x0000000085f00000| PB 0x0000000085f00000| Untracked 
|   8|0x0000000086000000, 0x0000000086100000, 0x0000000086100000|100%| O|  |TAMS 0x0000000086000000| PB 0x0000000086000000| Untracked 
|   9|0x0000000086100000, 0x0000000086200000, 0x0000000086200000|100%| O|  |TAMS 0x0000000086100000| PB 0x0000000086100000| Untracked 
|  10|0x0000000086200000, 0x0000000086300000, 0x0000000086300000|100%| O|  |TAMS 0x0000000086200000| PB 0x0000000086200000| Untracked 
|  11|0x0000000086300000, 0x0000000086400000, 0x0000000086400000|100%| O|  |TAMS 0x0000000086300000| PB 0x0000000086300000| Untracked 
|  12|0x0000000086400000, 0x0000000086500000, 0x0000000086500000|100%| O|  |TAMS 0x0000000086400000| PB 0x0000000086400000| Untracked 
|  13|0x0000000086500000, 0x0000000086600000, 0x0000000086600000|100%| O|  |TAMS 0x0000000086500000| PB 0x0000000086500000| Untracked 
|  14|0x0000000086600000, 0x0000000086700000, 0x0000000086700000|100%| O|  |TAMS 0x0000000086600000| PB 0x0000000086600000| Untracked 
|  15|0x0000000086700000, 0x0000000086800000, 0x0000000086800000|100%| O|  |TAMS 0x0000000086700000| PB 0x0000000086700000| Untracked 
|  16|0x0000000086800000, 0x0000000086900000, 0x0000000086900000|100%| O|  |TAMS 0x0000000086800000| PB 0x0000000086800000| Untracked 
|  17|0x0000000086900000, 0x0000000086a00000, 0x0000000086a00000|100%| O|Cm|TAMS 0x0000000086900000| PB 0x0000000086900000| Complete 
|  18|0x0000000086a00000, 0x0000000086b00000, 0x0000000086b00000|100%| O|  |TAMS 0x0000000086a00000| PB 0x0000000086a00000| Untracked 
|  19|0x0000000086b00000, 0x0000000086c00000, 0x0000000086c00000|100%| O|  |TAMS 0x0000000086b00000| PB 0x0000000086b00000| Untracked 
|  20|0x0000000086c00000, 0x0000000086d00000, 0x0000000086d00000|100%| O|  |TAMS 0x0000000086c00000| PB 0x0000000086c00000| Untracked 
|  21|0x0000000086d00000, 0x0000000086e00000, 0x0000000086e00000|100%| O|  |TAMS 0x0000000086d00000| PB 0x0000000086d00000| Untracked 
|  22|0x0000000086e00000, 0x0000000086f00000, 0x0000000086f00000|100%| O|  |TAMS 0x0000000086e00000| PB 0x0000000086e00000| Untracked 
|  23|0x0000000086f00000, 0x0000000087000000, 0x0000000087000000|100%| O|  |TAMS 0x0000000086f00000| PB 0x0000000086f00000| Untracked 
|  24|0x0000000087000000, 0x0000000087100000, 0x0000000087100000|100%| O|  |TAMS 0x0000000087000000| PB 0x0000000087000000| Untracked 
|  25|0x0000000087100000, 0x0000000087200000, 0x0000000087200000|100%| O|  |TAMS 0x0000000087100000| PB 0x0000000087100000| Untracked 
|  26|0x0000000087200000, 0x0000000087200000, 0x0000000087300000|  0%| F|  |TAMS 0x0000000087200000| PB 0x0000000087200000| Untracked 
|  27|0x0000000087300000, 0x0000000087300000, 0x0000000087400000|  0%| F|  |TAMS 0x0000000087300000| PB 0x0000000087300000| Untracked 
|  28|0x0000000087400000, 0x0000000087400000, 0x0000000087500000|  0%| F|  |TAMS 0x0000000087400000| PB 0x0000000087400000| Untracked 
|  29|0x0000000087500000, 0x0000000087561e60, 0x0000000087600000| 38%| O|  |TAMS 0x0000000087500000| PB 0x0000000087500000| Untracked 
|  30|0x0000000087600000, 0x0000000087600000, 0x0000000087700000|  0%| F|  |TAMS 0x0000000087600000| PB 0x0000000087600000| Untracked 
|  31|0x0000000087700000, 0x0000000087700000, 0x0000000087800000|  0%| F|  |TAMS 0x0000000087700000| PB 0x0000000087700000| Untracked 
|  32|0x0000000087800000, 0x0000000087800000, 0x0000000087900000|  0%| F|  |TAMS 0x0000000087800000| PB 0x0000000087800000| Untracked 
|  33|0x0000000087900000, 0x0000000087900000, 0x0000000087a00000|  0%| F|  |TAMS 0x0000000087900000| PB 0x0000000087900000| Untracked 
|  34|0x0000000087a00000, 0x0000000087a00000, 0x0000000087b00000|  0%| F|  |TAMS 0x0000000087a00000| PB 0x0000000087a00000| Untracked 
|  35|0x0000000087b00000, 0x0000000087b00000, 0x0000000087c00000|  0%| F|  |TAMS 0x0000000087b00000| PB 0x0000000087b00000| Untracked 
|  36|0x0000000087c00000, 0x0000000087c00000, 0x0000000087d00000|  0%| F|  |TAMS 0x0000000087c00000| PB 0x0000000087c00000| Untracked 
|  37|0x0000000087d00000, 0x0000000087d00000, 0x0000000087e00000|  0%| F|  |TAMS 0x0000000087d00000| PB 0x0000000087d00000| Untracked 
|  38|0x0000000087e00000, 0x0000000087e95850, 0x0000000087f00000| 58%| E|  |TAMS 0x0000000087e00000| PB 0x0000000087e00000| Complete 
|  39|0x0000000087f00000, 0x0000000088000000, 0x0000000088000000|100%| E|CS|TAMS 0x0000000087f00000| PB 0x0000000087f00000| Complete 
|  40|0x0000000088000000, 0x0000000088100000, 0x0000000088100000|100%| E|CS|TAMS 0x0000000088000000| PB 0x0000000088000000| Complete 
|  41|0x0000000088100000, 0x0000000088200000, 0x0000000088200000|100%| E|CS|TAMS 0x0000000088100000| PB 0x0000000088100000| Complete 
|  42|0x0000000088200000, 0x0000000088300000, 0x0000000088300000|100%| E|CS|TAMS 0x0000000088200000| PB 0x0000000088200000| Complete 
|  43|0x0000000088300000, 0x0000000088400000, 0x0000000088400000|100%| E|CS|TAMS 0x0000000088300000| PB 0x0000000088300000| Complete 
|  44|0x0000000088400000, 0x0000000088500000, 0x0000000088500000|100%| E|CS|TAMS 0x0000000088400000| PB 0x0000000088400000| Complete 
|  45|0x0000000088500000, 0x0000000088600000, 0x0000000088600000|100%| E|CS|TAMS 0x0000000088500000| PB 0x0000000088500000| Complete 
|  71|0x0000000089f00000, 0x000000008a000000, 0x000000008a000000|100%| E|CS|TAMS 0x0000000089f00000| PB 0x0000000089f00000| Complete 
|  72|0x000000008a000000, 0x000000008a100000, 0x000000008a100000|100%| E|CS|TAMS 0x000000008a000000| PB 0x000000008a000000| Complete 
|  73|0x000000008a100000, 0x000000008a200000, 0x000000008a200000|100%| E|CS|TAMS 0x000000008a100000| PB 0x000000008a100000| Complete 
|  74|0x000000008a200000, 0x000000008a2a3a38, 0x000000008a300000| 63%| S|CS|TAMS 0x000000008a200000| PB 0x000000008a200000| Complete 
|  75|0x000000008a300000, 0x000000008a400000, 0x000000008a400000|100%| E|CS|TAMS 0x000000008a300000| PB 0x000000008a300000| Complete 
|  76|0x000000008a400000, 0x000000008a500000, 0x000000008a500000|100%| E|CS|TAMS 0x000000008a400000| PB 0x000000008a400000| Complete 
|  77|0x000000008a500000, 0x000000008a600000, 0x000000008a600000|100%| E|CS|TAMS 0x000000008a500000| PB 0x000000008a500000| Complete 
| 123|0x000000008d300000, 0x000000008d400000, 0x000000008d400000|100%| E|CS|TAMS 0x000000008d300000| PB 0x000000008d300000| Complete 

Card table byte_map: [0x0000023741360000,0x0000023741740000] _byte_map_base: 0x0000023740f34000

Marking Bits: (CMBitMap*) 0x00000237298498a0
 Bits: [0x0000023741740000, 0x00000237435e0000)

Polling page: 0x0000023727980000

Metaspace:

Usage:
  Non-class:     54.16 MB used.
      Class:      8.55 MB used.
       Both:     62.71 MB used.

Virtual space:
  Non-class space:       64.00 MB reserved,      54.50 MB ( 85%) committed,  1 nodes.
      Class space:        1.00 GB reserved,       8.88 MB ( <1%) committed,  1 nodes.
             Both:        1.06 GB reserved,      63.38 MB (  6%) committed. 

Chunk freelists:
   Non-Class:  8.77 MB
       Class:  7.08 MB
        Both:  15.84 MB

MaxMetaspaceSize: unlimited
CompressedClassSpaceSize: 1.00 GB
Initial GC threshold: 21.00 MB
Current GC threshold: 98.75 MB
CDS: on
 - commit_granule_bytes: 65536.
 - commit_granule_words: 8192.
 - virtual_space_node_default_size: 8388608.
 - enlarge_chunks_in_place: 1.
 - use_allocation_guard: 0.


Internal statistics:

num_allocs_failed_limit: 9.
num_arena_births: 922.
num_arena_deaths: 0.
num_vsnodes_births: 2.
num_vsnodes_deaths: 0.
num_space_committed: 1014.
num_space_uncommitted: 0.
num_chunks_returned_to_freelist: 9.
num_chunks_taken_from_freelist: 3273.
num_chunk_merges: 9.
num_chunk_splits: 2336.
num_chunks_enlarged: 1796.
num_inconsistent_stats: 0.

CodeHeap 'non-profiled nmethods': size=120000Kb used=3440Kb max_used=3512Kb free=116559Kb
 bounds [0x0000023739720000, 0x0000023739ab0000, 0x0000023740c50000]
CodeHeap 'profiled nmethods': size=120000Kb used=9396Kb max_used=9894Kb free=110603Kb
 bounds [0x0000023731c50000, 0x0000023732600000, 0x0000023739180000]
CodeHeap 'non-nmethods': size=5760Kb used=1924Kb max_used=1924Kb free=3836Kb
 bounds [0x0000023739180000, 0x00000237393f0000, 0x0000023739720000]
 total_blobs=5614 nmethods=4883 adapters=633
 compilation: enabled
              stopped_count=0, restarted_count=0
 full_count=0

Compilation events (20 events):
Event: 86.674 Thread 0x00000237460595a0 nmethod 5535 0x00000237397d1e10 code [0x00000237397d1fa0, 0x00000237397d2068]
Event: 86.674 Thread 0x00000237460595a0 5538       3       com.google.zxing.qrcode.encoder.ByteMatrix::set (19 bytes)
Event: 86.674 Thread 0x00000237460595a0 nmethod 5538 0x000002373229ac90 code [0x000002373229ae40, 0x000002373229aff8]
Event: 86.674 Thread 0x00000237460595a0 5537       3       com.google.zxing.qrcode.encoder.ByteMatrix::set (11 bytes)
Event: 86.675 Thread 0x00000237460595a0 nmethod 5537 0x000002373229a810 code [0x000002373229a9c0, 0x000002373229ab20]
Event: 86.675 Thread 0x00000237460595a0 5539       3       com.google.zxing.qrcode.encoder.MaskUtil::getDataMaskBit (189 bytes)
Event: 86.676 Thread 0x00000237460595a0 nmethod 5539 0x0000023731deba90 code [0x0000023731debce0, 0x0000023731dec5e0]
Event: 86.676 Thread 0x00000237460595a0 5541       1       com.google.zxing.qrcode.encoder.ByteMatrix::getWidth (5 bytes)
Event: 86.676 Thread 0x00000237460595a0 nmethod 5541 0x00000237397d1b10 code [0x00000237397d1ca0, 0x00000237397d1d68]
Event: 86.678 Thread 0x000002378f69d1a0 nmethod 5527 0x00000237397d1090 code [0x00000237397d1240, 0x00000237397d1780]
Event: 86.678 Thread 0x000002378f69d1a0 5542       4       com.google.zxing.qrcode.encoder.ByteMatrix::set (11 bytes)
Event: 86.679 Thread 0x00000237460595a0 5543       3       com.google.zxing.common.BitMatrix::setRegion (143 bytes)
Event: 86.680 Thread 0x00000237460595a0 nmethod 5543 0x0000023731e26c90 code [0x0000023731e26ea0, 0x0000023731e27508]
Event: 86.680 Thread 0x000002378f69d1a0 nmethod 5542 0x00000237397d0c90 code [0x00000237397d0e20, 0x00000237397d0f38]
Event: 86.680 Thread 0x000002378f69d1a0 5529       4       java.nio.Buffer::position (52 bytes)
Event: 86.681 Thread 0x000002378f69d1a0 nmethod 5529 0x00000237397d0990 code [0x00000237397d0b20, 0x00000237397d0c10]
Event: 86.681 Thread 0x000002378f69d1a0 5540       4       com.google.zxing.qrcode.encoder.ByteMatrix::get (9 bytes)
Event: 86.683 Thread 0x000002378f69d1a0 nmethod 5540 0x00000237397d0610 code [0x00000237397d07a0, 0x00000237397d08b0]
Event: 86.683 Thread 0x000002378f69d1a0 5528       4       jdk.internal.loader.BuiltinClassLoader::loadClass (22 bytes)
Event: 86.684 Thread 0x000002378f69d1a0 nmethod 5528 0x00000237397d0110 code [0x00000237397d02c0, 0x00000237397d0458]

GC Heap History (20 events):
Event: 1.203 GC heap before
{Heap before GC invocations=1 (full 0):
 garbage-first heap   total 126976K, used 37183K [0x0000000085800000, 0x0000000100000000)
  region size 1024K, 33 young (33792K), 3 survivors (3072K)
 Metaspace       used 13753K, committed 14080K, reserved 1114112K
  class space    used 1678K, committed 1856K, reserved 1048576K
}
Event: 1.207 GC heap after
{Heap after GC invocations=2 (full 0):
 garbage-first heap   total 126976K, used 10404K [0x0000000085800000, 0x0000000100000000)
  region size 1024K, 3 young (3072K), 3 survivors (3072K)
 Metaspace       used 13753K, committed 14080K, reserved 1114112K
  class space    used 1678K, committed 1856K, reserved 1048576K
}
Event: 1.931 GC heap before
{Heap before GC invocations=2 (full 0):
 garbage-first heap   total 126976K, used 52388K [0x0000000085800000, 0x0000000100000000)
  region size 1024K, 46 young (47104K), 3 survivors (3072K)
 Metaspace       used 21230K, committed 21504K, reserved 1114112K
  class space    used 2594K, committed 2688K, reserved 1048576K
}
Event: 1.937 GC heap after
{Heap after GC invocations=3 (full 0):
 garbage-first heap   total 126976K, used 14129K [0x0000000085800000, 0x0000000100000000)
  region size 1024K, 7 young (7168K), 7 survivors (7168K)
 Metaspace       used 21230K, committed 21504K, reserved 1114112K
  class space    used 2594K, committed 2688K, reserved 1048576K
}
Event: 2.690 GC heap before
{Heap before GC invocations=4 (full 0):
 garbage-first heap   total 55296K, used 39729K [0x0000000085800000, 0x0000000100000000)
  region size 1024K, 32 young (32768K), 7 survivors (7168K)
 Metaspace       used 25389K, committed 25792K, reserved 1114112K
  class space    used 3250K, committed 3456K, reserved 1048576K
}
Event: 2.697 GC heap after
{Heap after GC invocations=5 (full 0):
 garbage-first heap   total 55296K, used 17086K [0x0000000085800000, 0x0000000100000000)
  region size 1024K, 3 young (3072K), 3 survivors (3072K)
 Metaspace       used 25389K, committed 25792K, reserved 1114112K
  class space    used 3250K, committed 3456K, reserved 1048576K
}
Event: 3.306 GC heap before
{Heap before GC invocations=5 (full 0):
 garbage-first heap   total 55296K, used 42686K [0x0000000085800000, 0x0000000100000000)
  region size 1024K, 28 young (28672K), 3 survivors (3072K)
 Metaspace       used 30085K, committed 30592K, reserved 1114112K
  class space    used 3804K, committed 4032K, reserved 1048576K
}
Event: 3.311 GC heap after
{Heap after GC invocations=6 (full 0):
 garbage-first heap   total 55296K, used 18994K [0x0000000085800000, 0x0000000100000000)
  region size 1024K, 3 young (3072K), 3 survivors (3072K)
 Metaspace       used 30085K, committed 30592K, reserved 1114112K
  class space    used 3804K, committed 4032K, reserved 1048576K
}
Event: 3.738 GC heap before
{Heap before GC invocations=6 (full 0):
 garbage-first heap   total 55296K, used 38450K [0x0000000085800000, 0x0000000100000000)
  region size 1024K, 23 young (23552K), 3 survivors (3072K)
 Metaspace       used 35521K, committed 35968K, reserved 1114112K
  class space    used 4703K, committed 4928K, reserved 1048576K
}
Event: 3.740 GC heap after
{Heap after GC invocations=7 (full 0):
 garbage-first heap   total 55296K, used 19936K [0x0000000085800000, 0x0000000100000000)
  region size 1024K, 3 young (3072K), 3 survivors (3072K)
 Metaspace       used 35521K, committed 35968K, reserved 1114112K
  class space    used 4703K, committed 4928K, reserved 1048576K
}
Event: 4.511 GC heap before
{Heap before GC invocations=8 (full 0):
 garbage-first heap   total 55296K, used 45536K [0x0000000085800000, 0x0000000100000000)
  region size 1024K, 29 young (29696K), 3 survivors (3072K)
 Metaspace       used 43175K, committed 43712K, reserved 1114112K
  class space    used 5672K, committed 5888K, reserved 1048576K
}
Event: 4.515 GC heap after
{Heap after GC invocations=9 (full 0):
 garbage-first heap   total 55296K, used 21737K [0x0000000085800000, 0x0000000100000000)
  region size 1024K, 3 young (3072K), 3 survivors (3072K)
 Metaspace       used 43175K, committed 43712K, reserved 1114112K
  class space    used 5672K, committed 5888K, reserved 1048576K
}
Event: 5.018 GC heap before
{Heap before GC invocations=9 (full 0):
 garbage-first heap   total 55296K, used 46313K [0x0000000085800000, 0x0000000100000000)
  region size 1024K, 28 young (28672K), 3 survivors (3072K)
 Metaspace       used 51084K, committed 51648K, reserved 1114112K
  class space    used 6929K, committed 7168K, reserved 1048576K
}
Event: 5.024 GC heap after
{Heap after GC invocations=10 (full 0):
 garbage-first heap   total 55296K, used 22933K [0x0000000085800000, 0x0000000100000000)
  region size 1024K, 4 young (4096K), 4 survivors (4096K)
 Metaspace       used 51084K, committed 51648K, reserved 1114112K
  class space    used 6929K, committed 7168K, reserved 1048576K
}
Event: 5.572 GC heap before
{Heap before GC invocations=10 (full 0):
 garbage-first heap   total 55296K, used 44437K [0x0000000085800000, 0x0000000100000000)
  region size 1024K, 26 young (26624K), 4 survivors (4096K)
 Metaspace       used 56399K, committed 56896K, reserved 1114112K
  class space    used 7652K, committed 7872K, reserved 1048576K
}
Event: 5.575 GC heap after
{Heap after GC invocations=11 (full 0):
 garbage-first heap   total 55296K, used 24896K [0x0000000085800000, 0x0000000100000000)
  region size 1024K, 4 young (4096K), 4 survivors (4096K)
 Metaspace       used 56399K, committed 56896K, reserved 1114112K
  class space    used 7652K, committed 7872K, reserved 1048576K
}
Event: 5.966 GC heap before
{Heap before GC invocations=11 (full 0):
 garbage-first heap   total 55296K, used 46400K [0x0000000085800000, 0x0000000100000000)
  region size 1024K, 25 young (25600K), 4 survivors (4096K)
 Metaspace       used 59344K, committed 60032K, reserved 1114112K
  class space    used 8065K, committed 8384K, reserved 1048576K
}
Event: 5.972 GC heap after
{Heap after GC invocations=12 (full 0):
 garbage-first heap   total 55296K, used 27040K [0x0000000085800000, 0x0000000100000000)
  region size 1024K, 4 young (4096K), 4 survivors (4096K)
 Metaspace       used 59344K, committed 60032K, reserved 1114112K
  class space    used 8065K, committed 8384K, reserved 1048576K
}
Event: 6.055 GC heap before
{Heap before GC invocations=12 (full 0):
 garbage-first heap   total 55296K, used 30112K [0x0000000085800000, 0x0000000100000000)
  region size 1024K, 8 young (8192K), 4 survivors (4096K)
 Metaspace       used 59736K, committed 60416K, reserved 1114112K
  class space    used 8120K, committed 8448K, reserved 1048576K
}
Event: 6.061 GC heap after
{Heap after GC invocations=13 (full 0):
 garbage-first heap   total 55296K, used 27670K [0x0000000085800000, 0x0000000100000000)
  region size 1024K, 1 young (1024K), 1 survivors (1024K)
 Metaspace       used 59736K, committed 60416K, reserved 1114112K
  class space    used 8120K, committed 8448K, reserved 1048576K
}

Dll operation events (16 events):
Event: 0.014 Loaded shared library C:\Program Files\Java\jdk-21\bin\java.dll
Event: 0.054 Loaded shared library C:\Program Files\Java\jdk-21\bin\jsvml.dll
Event: 0.171 Loaded shared library C:\Program Files\Java\jdk-21\bin\zip.dll
Event: 0.174 Loaded shared library C:\Program Files\Java\jdk-21\bin\instrument.dll
Event: 0.178 Loaded shared library C:\Program Files\Java\jdk-21\bin\net.dll
Event: 0.180 Loaded shared library C:\Program Files\Java\jdk-21\bin\nio.dll
Event: 0.183 Loaded shared library C:\Program Files\Java\jdk-21\bin\zip.dll
Event: 0.274 Loaded shared library D:\Download (D drive)\IntelliJ IDEA Community Edition 2024.3.1.1\bin\breakgen64.dll
Event: 0.283 Loaded shared library C:\Program Files\Java\jdk-21\bin\extnet.dll
Event: 0.317 Loaded shared library C:\Program Files\Java\jdk-21\bin\jimage.dll
Event: 0.572 Loaded shared library C:\Program Files\Java\jdk-21\bin\management.dll
Event: 0.577 Loaded shared library C:\Program Files\Java\jdk-21\bin\management_ext.dll
Event: 1.381 Loaded shared library C:\Program Files\Java\jdk-21\bin\sunmscapi.dll
Event: 2.673 Loaded shared library C:\Program Files\Apache Tomcat Application\apache-tomcat-9.0.99\bin\tcnative-1.dll
Event: 3.589 Loaded shared library C:\Program Files\Java\jdk-21\bin\verify.dll
Event: 86.703 Loaded shared library C:\Program Files\Java\jdk-21\bin\awt.dll

Deoptimization events (20 events):
Event: 6.081 Thread 0x0000023746b59450 Uncommon trap: trap_request=0xffffff45 fr.pc=0x000002373992a1d4 relative=0x0000000000001474
Event: 6.081 Thread 0x0000023746b59450 Uncommon trap: reason=unstable_if action=reinterpret pc=0x000002373992a1d4 method=java.lang.String.<init>(Ljava/nio/charset/Charset;[BII)V @ 6 c2
Event: 6.081 Thread 0x0000023746b59450 DEOPT PACKING pc=0x000002373992a1d4 sp=0x00000053c83fdc90
Event: 6.081 Thread 0x0000023746b59450 DEOPT UNPACKING pc=0x00000237391d7da2 sp=0x00000053c83fdc40 mode 2
Event: 86.294 Thread 0x000002378ef2eaa0 Uncommon trap: trap_request=0xffffffc6 fr.pc=0x0000023739a524b0 relative=0x0000000000000bd0
Event: 86.294 Thread 0x000002378ef2eaa0 Uncommon trap: reason=bimorphic_or_optimized_type_check action=maybe_recompile pc=0x0000023739a524b0 method=org.springframework.core.annotation.AnnotationsScanner.processMethodHierarchy(Ljava/lang/Object;[ILjava/lang/Class;Lorg/springframework/core/annota
Event: 86.294 Thread 0x000002378ef2eaa0 DEOPT PACKING pc=0x0000023739a524b0 sp=0x00000053c95fd3f0
Event: 86.294 Thread 0x000002378ef2eaa0 DEOPT UNPACKING pc=0x00000237391d7da2 sp=0x00000053c95fd3c8 mode 2
Event: 86.296 Thread 0x000002378ef2eaa0 Uncommon trap: trap_request=0xffffffc6 fr.pc=0x0000023739a524b0 relative=0x0000000000000bd0
Event: 86.296 Thread 0x000002378ef2eaa0 Uncommon trap: reason=bimorphic_or_optimized_type_check action=maybe_recompile pc=0x0000023739a524b0 method=org.springframework.core.annotation.AnnotationsScanner.processMethodHierarchy(Ljava/lang/Object;[ILjava/lang/Class;Lorg/springframework/core/annota
Event: 86.296 Thread 0x000002378ef2eaa0 DEOPT PACKING pc=0x0000023739a524b0 sp=0x00000053c95fd3f0
Event: 86.296 Thread 0x000002378ef2eaa0 DEOPT UNPACKING pc=0x00000237391d7da2 sp=0x00000053c95fd3c8 mode 2
Event: 86.302 Thread 0x000002378ef2eaa0 Uncommon trap: trap_request=0xffffffc6 fr.pc=0x0000023739a524b0 relative=0x0000000000000bd0
Event: 86.302 Thread 0x000002378ef2eaa0 Uncommon trap: reason=bimorphic_or_optimized_type_check action=maybe_recompile pc=0x0000023739a524b0 method=org.springframework.core.annotation.AnnotationsScanner.processMethodHierarchy(Ljava/lang/Object;[ILjava/lang/Class;Lorg/springframework/core/annota
Event: 86.302 Thread 0x000002378ef2eaa0 DEOPT PACKING pc=0x0000023739a524b0 sp=0x00000053c95fd3e0
Event: 86.302 Thread 0x000002378ef2eaa0 DEOPT UNPACKING pc=0x00000237391d7da2 sp=0x00000053c95fd3b8 mode 2
Event: 86.302 Thread 0x000002378ef2eaa0 Uncommon trap: trap_request=0xffffffc6 fr.pc=0x0000023739a524b0 relative=0x0000000000000bd0
Event: 86.302 Thread 0x000002378ef2eaa0 Uncommon trap: reason=bimorphic_or_optimized_type_check action=maybe_recompile pc=0x0000023739a524b0 method=org.springframework.core.annotation.AnnotationsScanner.processMethodHierarchy(Ljava/lang/Object;[ILjava/lang/Class;Lorg/springframework/core/annota
Event: 86.302 Thread 0x000002378ef2eaa0 DEOPT PACKING pc=0x0000023739a524b0 sp=0x00000053c95fd3e0
Event: 86.302 Thread 0x000002378ef2eaa0 DEOPT UNPACKING pc=0x00000237391d7da2 sp=0x00000053c95fd3b8 mode 2

Classes loaded (20 events):
Event: 86.715 Loading class java/awt/Point done
Event: 86.715 Loading class java/awt/image/MultiPixelPackedSampleModel
Event: 86.716 Loading class java/awt/image/SampleModel
Event: 86.716 Loading class java/awt/image/SampleModel done
Event: 86.716 Loading class java/awt/image/MultiPixelPackedSampleModel done
Event: 86.716 Loading class sun/awt/image/BytePackedRaster
Event: 86.717 Loading class sun/awt/image/BytePackedRaster done
Event: 86.717 Loading class sun/awt/image/NativeLibLoader
Event: 86.717 Loading class sun/awt/image/NativeLibLoader done
Event: 86.717 Loading class sun/awt/image/NativeLibLoader$1
Event: 86.717 Loading class sun/awt/image/NativeLibLoader$1 done
Event: 86.718 Loading class java/awt/Rectangle
Event: 86.719 Loading class java/awt/Shape
Event: 86.719 Loading class java/awt/Shape done
Event: 86.719 Loading class java/awt/geom/Rectangle2D
Event: 86.719 Loading class java/awt/geom/RectangularShape
Event: 86.720 Loading class java/awt/geom/RectangularShape done
Event: 86.720 Loading class java/awt/geom/Rectangle2D done
Event: 86.720 Loading class java/awt/Rectangle done
Event: 86.720 Loading class java/awt/Toolkit

Classes unloaded (0 events):
No events

Classes redefined (0 events):
No events

Internal exceptions (20 events):
Event: 5.806 Thread 0x0000023746b59450 Exception <a 'java/lang/NoSuchMethodError'{0x000000008816d288}: 'int java.lang.invoke.DirectMethodHandle$Holder.invokeStaticInit(java.lang.Object, long, long)'> (0x000000008816d288) 
thrown [s\open\src\hotspot\share\interpreter\linkResolver.cpp, line 773]
Event: 5.806 Thread 0x0000023746b59450 Exception <a 'java/lang/NoSuchMethodError'{0x0000000088174910}: 'int java.lang.invoke.DirectMethodHandle$Holder.invokeStaticInit(java.lang.Object, float, float)'> (0x0000000088174910) 
thrown [s\open\src\hotspot\share\interpreter\linkResolver.cpp, line 773]
Event: 5.807 Thread 0x0000023746b59450 Exception <a 'java/lang/NoSuchMethodError'{0x000000008817bf90}: 'int java.lang.invoke.DirectMethodHandle$Holder.invokeStaticInit(java.lang.Object, double, double)'> (0x000000008817bf90) 
thrown [s\open\src\hotspot\share\interpreter\linkResolver.cpp, line 773]
Event: 5.807 Thread 0x0000023746b59450 Exception <a 'java/lang/NoSuchMethodError'{0x0000000088180ff8}: 'int java.lang.invoke.DirectMethodHandle$Holder.invokeStatic(java.lang.Object, long)'> (0x0000000088180ff8) 
thrown [s\open\src\hotspot\share\interpreter\linkResolver.cpp, line 773]
Event: 5.808 Thread 0x0000023746b59450 Exception <a 'java/lang/NoSuchMethodError'{0x000000008819f3c8}: 'int java.lang.invoke.Invokers$Holder.linkToTargetMethod(java.lang.Object, java.lang.Object)'> (0x000000008819f3c8) 
thrown [s\open\src\hotspot\share\interpreter\linkResolver.cpp, line 773]
Event: 5.836 Thread 0x0000023746b59450 Exception <a 'java/lang/IncompatibleClassChangeError'{0x0000000087f6d6a8}: Found class java.lang.Object, but interface was expected> (0x0000000087f6d6a8) 
thrown [s\open\src\hotspot\share\interpreter\linkResolver.cpp, line 840]
Event: 5.872 Thread 0x0000023746b59450 Exception <a 'java/lang/NoSuchMethodError'{0x0000000087d0cbc0}: 'void java.lang.invoke.DirectMethodHandle$Holder.invokeVirtual(java.lang.Object, java.lang.Object, long)'> (0x0000000087d0cbc0) 
thrown [s\open\src\hotspot\share\interpreter\linkResolver.cpp, line 773]
Event: 5.942 Thread 0x0000023746b59450 Exception <a 'java/lang/IncompatibleClassChangeError'{0x0000000087ae4c00}: Found class java.lang.Object, but interface was expected> (0x0000000087ae4c00) 
thrown [s\open\src\hotspot\share\interpreter\linkResolver.cpp, line 840]
Event: 5.951 Thread 0x0000023746b59450 Implicit null exception at 0x0000023739878b08 to 0x0000023739878d58
Event: 5.978 Thread 0x0000023746b59450 Exception <a 'java/lang/NoSuchMethodError'{0x000000008d3471c8}: 'java.lang.Object java.lang.invoke.Invokers$Holder.invoke_MT(java.lang.Object, java.lang.Object, java.lang.Object, java.lang.Object, java.lang.Object, java.lang.Object, java.lang.Object, java.lang.Object, java.lang.Object, java.lang.Object, java.lang.Object)'> (0x000000008d3471c8) 
thrown [s\open\src\hotspot\share\interpreter\linkResolver.cpp, line 773]
Event: 6.063 Thread 0x0000023746b59450 Exception <a 'java/lang/NoSuchMethodError'{0x000000008d304338}: 'java.lang.Object java.lang.invoke.DirectMethodHandle$Holder.newInvokeSpecial(java.lang.Object, java.lang.Object, int, java.lang.Object, java.lang.Object)'> (0x000000008d304338) 
thrown [s\open\src\hotspot\share\interpreter\linkResolver.cpp, line 773]
Event: 86.181 Thread 0x000002378ef2eaa0 Exception <a 'java/lang/NoSuchMethodError'{0x000000008a18d7f0}: 'java.lang.Object java.lang.invoke.DirectMethodHandle$Holder.invokeSpecial(java.lang.Object, java.lang.Object, java.lang.Object, java.lang.Object, java.lang.Object, long)'> (0x000000008a18d7f0) 
thrown [s\open\src\hotspot\share\interpreter\linkResolver.cpp, line 773]
Event: 86.181 Thread 0x000002378ef2eaa0 Exception <a 'java/lang/NoSuchMethodError'{0x000000008a190fb0}: 'java.lang.Object java.lang.invoke.Invokers$Holder.linkToTargetMethod(java.lang.Object, java.lang.Object, java.lang.Object, long, java.lang.Object)'> (0x000000008a190fb0) 
thrown [s\open\src\hotspot\share\interpreter\linkResolver.cpp, line 773]
Event: 86.527 Thread 0x000002378ef2eaa0 Exception <a 'java/lang/NoSuchMethodError'{0x0000000088176dc8}: 'long java.lang.invoke.DelegatingMethodHandle$Holder.reinvoke_L(java.lang.Object, java.lang.Object)'> (0x0000000088176dc8) 
thrown [s\open\src\hotspot\share\interpreter\linkResolver.cpp, line 773]
Event: 86.528 Thread 0x000002378ef2eaa0 Exception <a 'java/lang/NoSuchMethodError'{0x0000000088180ff0}: 'void java.lang.invoke.DelegatingMethodHandle$Holder.reinvoke_L(java.lang.Object, java.lang.Object, long)'> (0x0000000088180ff0) 
thrown [s\open\src\hotspot\share\interpreter\linkResolver.cpp, line 773]
Event: 86.528 Thread 0x000002378ef2eaa0 Exception <a 'java/lang/NoSuchMethodError'{0x0000000088187cc8}: 'long java.lang.invoke.Invokers$Holder.invokeExact_MT(java.lang.Object, java.lang.Object, java.lang.Object)'> (0x0000000088187cc8) 
thrown [s\open\src\hotspot\share\interpreter\linkResolver.cpp, line 773]
Event: 86.551 Thread 0x000002378ef2eaa0 Exception <a 'java/lang/NoSuchMethodError'{0x00000000881f5e40}: 'int java.lang.invoke.DirectMethodHandle$Holder.invokeStatic(java.lang.Object, java.lang.Object, int, int)'> (0x00000000881f5e40) 
thrown [s\open\src\hotspot\share\interpreter\linkResolver.cpp, line 773]
Event: 86.584 Thread 0x000002378ef2eaa0 Exception <a 'java/lang/NoSuchMethodError'{0x000000008807f2f0}: 'java.lang.Object java.lang.invoke.DirectMethodHandle$Holder.invokeInterface(java.lang.Object, java.lang.Object, java.lang.Object, java.lang.Object)'> (0x000000008807f2f0) 
thrown [s\open\src\hotspot\share\interpreter\linkResolver.cpp, line 773]
Event: 86.586 Thread 0x000002378ef2eaa0 Exception <a 'java/lang/NoSuchMethodError'{0x000000008808a378}: 'java.lang.Object java.lang.invoke.DirectMethodHandle$Holder.invokeStatic(java.lang.Object, int, java.lang.Object, java.lang.Object)'> (0x000000008808a378) 
thrown [s\open\src\hotspot\share\interpreter\linkResolver.cpp, line 773]
Event: 86.618 Thread 0x000002378ef2eaa0 Exception <a 'java/lang/NoSuchMethodError'{0x0000000087f26148}: 'void java.lang.invoke.Invokers$Holder.invokeExact_MT(java.lang.Object, java.lang.Object, int, java.lang.Object)'> (0x0000000087f26148) 
thrown [s\open\src\hotspot\share\interpreter\linkResolver.cpp, line 773]

ZGC Phase Switch (0 events):
No events

VM Operations (20 events):
Event: 37.410 Executing VM operation: Cleanup
Event: 37.411 Executing VM operation: Cleanup done
Event: 50.524 Executing VM operation: Cleanup
Event: 50.524 Executing VM operation: Cleanup done
Event: 60.192 Executing VM operation: HandshakeAllThreads (HandshakeForDeflation)
Event: 60.192 Executing VM operation: HandshakeAllThreads (HandshakeForDeflation) done
Event: 60.192 Executing VM operation: RendezvousGCThreads
Event: 60.192 Executing VM operation: RendezvousGCThreads done
Event: 71.284 Executing VM operation: Cleanup
Event: 71.284 Executing VM operation: Cleanup done
Event: 72.287 Executing VM operation: Cleanup
Event: 72.287 Executing VM operation: Cleanup done
Event: 86.209 Executing VM operation: HandshakeAllThreads (Deoptimize)
Event: 86.209 Executing VM operation: HandshakeAllThreads (Deoptimize) done
Event: 86.209 Executing VM operation: Cleanup
Event: 86.209 Executing VM operation: Cleanup done
Event: 86.359 Executing VM operation: HandshakeAllThreads (Deoptimize)
Event: 86.359 Executing VM operation: HandshakeAllThreads (Deoptimize) done
Event: 86.659 Executing VM operation: HandshakeAllThreads (Deoptimize)
Event: 86.659 Executing VM operation: HandshakeAllThreads (Deoptimize) done

Events (20 events):
Event: 6.088 Thread 0x0000023745ff95d0 flushing nmethod 0x0000023739856690
Event: 6.088 Thread 0x0000023745ff95d0 flushing nmethod 0x0000023739854390
Event: 6.088 Thread 0x0000023745ff95d0 flushing nmethod 0x000002373987f710
Event: 6.088 Thread 0x0000023745ff95d0 flushing nmethod 0x0000023739841410
Event: 6.088 Thread 0x0000023745ff95d0 flushing nmethod 0x000002373984c290
Event: 6.088 Thread 0x0000023745ff95d0 flushing nmethod 0x0000023739844b90
Event: 6.088 Thread 0x0000023745ff95d0 flushing nmethod 0x00000237397efb10
Event: 6.088 Thread 0x0000023745ff95d0 flushing nmethod 0x00000237397ea910
Event: 6.088 Thread 0x0000023745ff95d0 flushing nmethod 0x00000237397ce290
Event: 6.088 Thread 0x0000023745ff95d0 flushing nmethod 0x00000237397cb790
Event: 6.088 Thread 0x0000023745ff95d0 flushing nmethod 0x0000023739782990
Event: 6.088 Thread 0x0000023745ff95d0 flushing nmethod 0x0000023739720a10
Event: 6.090 Thread 0x00000237462a5b10 Thread added: 0x00000237462a5b10
Event: 6.107 Thread 0x0000023746b59450 Thread exited: 0x0000023746b59450
Event: 6.109 Thread 0x0000023746b58de0 Thread exited: 0x0000023746b58de0
Event: 6.109 Thread 0x00000237297f3d00 Thread exited: 0x00000237297f3d00
Event: 6.109 Thread 0x00000237462a1970 Thread added: 0x00000237462a1970
Event: 8.056 Thread 0x0000023746364360 Thread exited: 0x0000023746364360
Event: 10.216 Thread 0x000002378c1ff9d0 Thread exited: 0x000002378c1ff9d0
Event: 86.291 Thread 0x000002378f69d1a0 Thread added: 0x000002378f69d1a0


Dynamic libraries:
0x00007ff7e1080000 - 0x00007ff7e1090000 	C:\Program Files\Java\jdk-21\bin\java.exe
0x00007ffc40a30000 - 0x00007ffc40c47000 	C:\WINDOWS\SYSTEM32\ntdll.dll
0x00007ffc3e6e0000 - 0x00007ffc3e7a4000 	C:\WINDOWS\System32\KERNEL32.DLL
0x00007ffc3df10000 - 0x00007ffc3e2e3000 	C:\WINDOWS\System32\KERNELBASE.dll
0x00007ffc3e3a0000 - 0x00007ffc3e4b1000 	C:\WINDOWS\System32\ucrtbase.dll
0x00007ffc378b0000 - 0x00007ffc378c9000 	C:\Program Files\Java\jdk-21\bin\jli.dll
0x00007ffc378d0000 - 0x00007ffc378eb000 	C:\Program Files\Java\jdk-21\bin\VCRUNTIME140.dll
0x00007ffc3f3e0000 - 0x00007ffc3f491000 	C:\WINDOWS\System32\ADVAPI32.dll
0x00007ffc3e7b0000 - 0x00007ffc3e857000 	C:\WINDOWS\System32\msvcrt.dll
0x00007ffc40170000 - 0x00007ffc40218000 	C:\WINDOWS\System32\sechost.dll
0x00007ffc3e6b0000 - 0x00007ffc3e6d8000 	C:\WINDOWS\System32\bcrypt.dll
0x00007ffc3ebb0000 - 0x00007ffc3ecc4000 	C:\WINDOWS\System32\RPCRT4.dll
0x00007ffc3e8d0000 - 0x00007ffc3ea81000 	C:\WINDOWS\System32\USER32.dll
0x00007ffc3e370000 - 0x00007ffc3e396000 	C:\WINDOWS\System32\win32u.dll
0x00007ffc21220000 - 0x00007ffc214b8000 	C:\WINDOWS\WinSxS\amd64_microsoft.windows.common-controls_6595b64144ccf1df_6.0.22621.5124_none_270e8f4f7386d69d\COMCTL32.dll
0x00007ffc400f0000 - 0x00007ffc40119000 	C:\WINDOWS\System32\GDI32.dll
0x00007ffc3db50000 - 0x00007ffc3dc6b000 	C:\WINDOWS\System32\gdi32full.dll
0x00007ffc3dd30000 - 0x00007ffc3ddca000 	C:\WINDOWS\System32\msvcp_win.dll
0x00007ffc33380000 - 0x00007ffc3338a000 	C:\WINDOWS\SYSTEM32\VERSION.dll
0x00007ffc3ef10000 - 0x00007ffc3ef41000 	C:\WINDOWS\System32\IMM32.DLL
0x00007ffc378a0000 - 0x00007ffc378ac000 	C:\Program Files\Java\jdk-21\bin\vcruntime140_1.dll
0x00007ffc1b960000 - 0x00007ffc1b9ee000 	C:\Program Files\Java\jdk-21\bin\msvcp140.dll
0x00007ffbd7da0000 - 0x00007ffbd8ab7000 	C:\Program Files\Java\jdk-21\bin\server\jvm.dll
0x00007ffc3ecd0000 - 0x00007ffc3ed41000 	C:\WINDOWS\System32\WS2_32.dll
0x00007ffc3da20000 - 0x00007ffc3da6d000 	C:\WINDOWS\SYSTEM32\POWRPROF.dll
0x00007ffc37a90000 - 0x00007ffc37ac4000 	C:\WINDOWS\SYSTEM32\WINMM.dll
0x00007ffc3da00000 - 0x00007ffc3da13000 	C:\WINDOWS\SYSTEM32\UMPDC.dll
0x00007ffc3cb80000 - 0x00007ffc3cb98000 	C:\WINDOWS\SYSTEM32\kernel.appcore.dll
0x00007ffc32df0000 - 0x00007ffc32dfa000 	C:\Program Files\Java\jdk-21\bin\jimage.dll
0x00007ffc3b310000 - 0x00007ffc3b542000 	C:\WINDOWS\SYSTEM32\DBGHELP.DLL
0x00007ffc40240000 - 0x00007ffc405d2000 	C:\WINDOWS\System32\combase.dll
0x00007ffc3f760000 - 0x00007ffc3f837000 	C:\WINDOWS\System32\OLEAUT32.dll
0x00007ffc19840000 - 0x00007ffc19872000 	C:\WINDOWS\SYSTEM32\dbgcore.DLL
0x00007ffc3e630000 - 0x00007ffc3e6ab000 	C:\WINDOWS\System32\bcryptPrimitives.dll
0x00007ffc21520000 - 0x00007ffc2152f000 	C:\Program Files\Java\jdk-21\bin\instrument.dll
0x00007ffc20cb0000 - 0x00007ffc20ccf000 	C:\Program Files\Java\jdk-21\bin\java.dll
0x00007ffc3f840000 - 0x00007ffc400d6000 	C:\WINDOWS\System32\SHELL32.dll
0x00007ffc3ddd0000 - 0x00007ffc3df0f000 	C:\WINDOWS\System32\wintypes.dll
0x00007ffc3ba80000 - 0x00007ffc3c39a000 	C:\WINDOWS\SYSTEM32\windows.storage.dll
0x00007ffc3f4a0000 - 0x00007ffc3f5aa000 	C:\WINDOWS\System32\SHCORE.dll
0x00007ffc40820000 - 0x00007ffc40883000 	C:\WINDOWS\System32\shlwapi.dll
0x00007ffc3da80000 - 0x00007ffc3daab000 	C:\WINDOWS\SYSTEM32\profapi.dll
0x00007ffc0e400000 - 0x00007ffc0e4d7000 	C:\Program Files\Java\jdk-21\bin\jsvml.dll
0x00007ffc200f0000 - 0x00007ffc20108000 	C:\Program Files\Java\jdk-21\bin\zip.dll
0x00007ffc20ca0000 - 0x00007ffc20cb0000 	C:\Program Files\Java\jdk-21\bin\net.dll
0x00007ffc39540000 - 0x00007ffc3966c000 	C:\WINDOWS\SYSTEM32\WINHTTP.dll
0x00007ffc3d000000 - 0x00007ffc3d06a000 	C:\WINDOWS\system32\mswsock.dll
0x00007ffc20500000 - 0x00007ffc20516000 	C:\Program Files\Java\jdk-21\bin\nio.dll
0x00007ffc1fb30000 - 0x00007ffc1fb4a000 	D:\Download (D drive)\IntelliJ IDEA Community Edition 2024.3.1.1\bin\breakgen64.dll
0x00007ffc20b90000 - 0x00007ffc20b99000 	C:\Program Files\Java\jdk-21\bin\extnet.dll
0x00007ffc20470000 - 0x00007ffc2047a000 	C:\Program Files\Java\jdk-21\bin\management.dll
0x00007ffc1f880000 - 0x00007ffc1f88b000 	C:\Program Files\Java\jdk-21\bin\management_ext.dll
0x00007ffc3eba0000 - 0x00007ffc3eba8000 	C:\WINDOWS\System32\PSAPI.DLL
0x00007ffc20b70000 - 0x00007ffc20b7e000 	C:\Program Files\Java\jdk-21\bin\sunmscapi.dll
0x00007ffc3e4c0000 - 0x00007ffc3e626000 	C:\WINDOWS\System32\CRYPT32.dll
0x00007ffc3d3f0000 - 0x00007ffc3d41d000 	C:\WINDOWS\SYSTEM32\ncrypt.dll
0x00007ffc3d3b0000 - 0x00007ffc3d3e7000 	C:\WINDOWS\SYSTEM32\NTASN1.dll
0x0000000180000000 - 0x0000000180374000 	C:\Program Files\Apache Tomcat Application\apache-tomcat-9.0.99\bin\tcnative-1.dll
0x00007ffc3d250000 - 0x00007ffc3d26b000 	C:\WINDOWS\SYSTEM32\CRYPTSP.dll
0x00007ffc3cae0000 - 0x00007ffc3cb17000 	C:\WINDOWS\system32\rsaenh.dll
0x00007ffc3d0f0000 - 0x00007ffc3d118000 	C:\WINDOWS\SYSTEM32\USERENV.dll
0x00007ffc3d270000 - 0x00007ffc3d27c000 	C:\WINDOWS\SYSTEM32\CRYPTBASE.dll
0x00007ffc3c640000 - 0x00007ffc3c66d000 	C:\WINDOWS\SYSTEM32\IPHLPAPI.DLL
0x00007ffc400e0000 - 0x00007ffc400e9000 	C:\WINDOWS\System32\NSI.dll
0x00007ffc1b950000 - 0x00007ffc1b960000 	C:\Program Files\Java\jdk-21\bin\verify.dll
0x00007ffc3c670000 - 0x00007ffc3c772000 	C:\WINDOWS\SYSTEM32\DNSAPI.dll
0x00007ffc32a00000 - 0x00007ffc32a0a000 	C:\Windows\System32\rasadhlp.dll
0x00007ffc331c0000 - 0x00007ffc33243000 	C:\WINDOWS\System32\fwpuclnt.dll
0x00007ffbf4360000 - 0x00007ffbf4368000 	C:\WINDOWS\system32\wshunix.dll
0x00007ffbdb620000 - 0x00007ffbdb7af000 	C:\Program Files\Java\jdk-21\bin\awt.dll
0x00007ffc37d30000 - 0x00007ffc37dc7000 	C:\WINDOWS\SYSTEM32\apphelp.dll

dbghelp: loaded successfully - version: 4.0.5 - missing functions: none
symbol engine: initialized successfully - sym options: 0x614 - pdb path: .;C:\Program Files\Java\jdk-21\bin;C:\WINDOWS\SYSTEM32;C:\WINDOWS\WinSxS\amd64_microsoft.windows.common-controls_6595b64144ccf1df_6.0.22621.5124_none_270e8f4f7386d69d;C:\Program Files\Java\jdk-21\bin\server;D:\Download (D drive)\IntelliJ IDEA Community Edition 2024.3.1.1\bin;C:\Program Files\Apache Tomcat Application\apache-tomcat-9.0.99\bin

VM Arguments:
jvm_args: -javaagent:D:\Download (D drive)\IntelliJ IDEA Community Edition 2024.3.1.1\lib\idea_rt.jar=50496:D:\Download (D drive)\IntelliJ IDEA Community Edition 2024.3.1.1\bin -Dfile.encoding=UTF-8 -Dsun.stdout.encoding=UTF-8 -Dsun.stderr.encoding=UTF-8 
java_command: com.tot.util.QrAttendanceApplication
java_class_path (initial): D:\projects\QRAttendace\target\classes;C:\Users\hp\.m2\repository\org\springframework\boot\spring-boot-starter-data-jpa\3.4.4\spring-boot-starter-data-jpa-3.4.4.jar;C:\Users\hp\.m2\repository\org\springframework\boot\spring-boot-starter\3.4.4\spring-boot-starter-3.4.4.jar;C:\Users\hp\.m2\repository\org\springframework\boot\spring-boot-starter-logging\3.4.4\spring-boot-starter-logging-3.4.4.jar;C:\Users\hp\.m2\repository\ch\qos\logback\logback-classic\1.5.18\logback-classic-1.5.18.jar;C:\Users\hp\.m2\repository\ch\qos\logback\logback-core\1.5.18\logback-core-1.5.18.jar;C:\Users\hp\.m2\repository\org\apache\logging\log4j\log4j-to-slf4j\2.24.3\log4j-to-slf4j-2.24.3.jar;C:\Users\hp\.m2\repository\org\apache\logging\log4j\log4j-api\2.24.3\log4j-api-2.24.3.jar;C:\Users\hp\.m2\repository\org\slf4j\jul-to-slf4j\2.0.17\jul-to-slf4j-2.0.17.jar;C:\Users\hp\.m2\repository\jakarta\annotation\jakarta.annotation-api\2.1.1\jakarta.annotation-api-2.1.1.jar;C:\Users\hp\.m2\repository\org\yaml\snakeyaml\2.3\snakeyaml-2.3.jar;C:\Users\hp\.m2\repository\org\springframework\boot\spring-boot-starter-jdbc\3.4.4\spring-boot-starter-jdbc-3.4.4.jar;C:\Users\hp\.m2\repository\com\zaxxer\HikariCP\5.1.0\HikariCP-5.1.0.jar;C:\Users\hp\.m2\repository\org\springframework\spring-jdbc\6.2.5\spring-jdbc-6.2.5.jar;C:\Users\hp\.m2\repository\org\hibernate\orm\hibernate-core\6.6.11.Final\hibernate-core-6.6.11.Final.jar;C:\Users\hp\.m2\repository\jakarta\persistence\jakarta.persistence-api\3.1.0\jakarta.persistence-api-3.1.0.jar;C:\Users\hp\.m2\repository\jakarta\transaction\jakarta.transaction-api\2.0.1\jakarta.transaction-api-2.0.1.jar;C:\Users\hp\.m2\repository\org\jboss\logging\jboss-logging\3.6.1.Final\jboss-logging-3.6.1.Final.jar;C:\Users\hp\.m2\repository\org\hibernate\common\hibernate-commons-annotations\7.0.3.Final\hibernate-commons-annotations-7.0.3.Final.jar;C:\Users\hp\.m2\repository\io\smallrye\jandex\3.2.0\jandex-3.2.0.jar;C:\Users\hp\.m2\repository\com\fasterxml\classmate\1.7.0\classmate-1.7.0.jar;C:\Users\hp\.m2\repository\net\bytebuddy\byte-buddy\1.15.11\byte-buddy-1.15.11.jar;C:\Users\hp\.m2\repository\org\glassfish\jaxb\jaxb-runtime\4.0.5\jaxb-runtime-4.0.5.jar;C:\Users\hp\.m2\repository\org\glassfish\jaxb\jaxb-core\4.0.5\jaxb-core-4.0.5.jar;C:\Users\hp\.m2\repository\org\eclipse\angus\angus-activation\2.0.2\angus-activation-2.0.2.jar;C:\Users\hp\.m2\repository\org\glassfish\jaxb\txw2\4.0.5\txw2-4.0.5.jar;C:\Users\hp\.m2\repository\com\sun\istack\istack-commons-runtime\4.1.2\istack-commons-runtime-4.1.2.jar;C:\Users\hp\.m2\repository\jakarta\inject\jakarta.inject-api\2.0.1\jakarta.inject-api-2.0.1.jar;C:\Users\hp\.m2\repository\org\antlr\antlr4-runtime\4.13.0\antlr4-runtime-4.13.0.jar;C:\Users\hp\.m2\repository\org\springframework\data\spring-data-jpa\3.4.4\spring-data-jpa-3.4.4.jar;C:\Users\hp\.m2\repository\org\springframework\data\spring-data-commons\3.4.4\spring-data-commons-3.4.4.jar;C:\Users\hp\.m2\repository\org\springframework\spring-orm\6.2.5\spring-orm-6.2.5.jar;C:\Users\hp\.m2\repository\org\springframework\spring-context\6.2.5\spring-context-6.2.5.jar;C:\Users\hp\.m2\repository\org\springframework\spring-aop\6.2.5\spring-aop-6.2.5.jar;C:\Users\hp\.m2\repository\org\springframework\spring-tx\6.2.5\spring-tx-6.2.5.jar;C:\Users\hp\.m2\repository\org\springframework\spring-beans\6.2.5\spring-beans-6.2.5.jar;C:\Users\hp\.m2\repository\org\slf4j\slf4j-api\2.0.17\slf4j-api-2.0.17.jar;C:\Users\hp\.m2\repository\org\springframework\spring-aspects\6.2.5\spring-aspects-6.2.5.jar;C:\Users\hp\.m2\repository\org\aspectj\aspectjweaver\1.9.23\aspectjweaver-1.9.23.jar;C:\Users\hp\.m2\repository\org\springframework\boot\spring-boot-starter-web\3.4.4\spring-boot-starter-web-3.4.4.jar;C:\Users\hp\.m2\repository\org\springframework\boot\spring-boot-starter-json\3.4.4\spring-boot-starter-json-3.4.4.jar;C:\Users\hp\.m2\repository\com\fasterxml\jackson\core\jackson-databind\2.18.3\jackson-databind-2.18.3.jar;C:\Users\hp\.m2\repository\com\fasterxml\jackson\core\jackson-annotations\2.18.3\jackson-annotations-2.18.3.jar;C:\Users\hp\.m2\repository\com\fasterxml\jackson\core\jackson-core\2.18.3\jackson-core-2.18.3.jar;C:\Users\hp\.m2\repository\com\fasterxml\jackson\datatype\jackson-datatype-jdk8\2.18.3\jackson-datatype-jdk8-2.18.3.jar;C:\Users\hp\.m2\repository\com\fasterxml\jackson\datatype\jackson-datatype-jsr310\2.18.3\jackson-datatype-jsr310-2.18.3.jar;C:\Users\hp\.m2\repository\com\fasterxml\jackson\module\jackson-module-parameter-names\2.18.3\jackson-module-parameter-names-2.18.3.jar;C:\Users\hp\.m2\repository\org\springframework\boot\spring-boot-starter-tomcat\3.4.4\spring-boot-starter-tomcat-3.4.4.jar;C:\Users\hp\.m2\repository\org\apache\tomcat\embed\tomcat-embed-core\10.1.39\tomcat-embed-core-10.1.39.jar;C:\Users\hp\.m2\repository\org\apache\tomcat\embed\tomcat-embed-el\10.1.39\tomcat-embed-el-10.1.39.jar;C:\Users\hp\.m2\repository\org\apache\tomcat\embed\tomcat-embed-websocket\10.1.39\tomcat-embed-websocket-10.1.39.jar;C:\Users\hp\.m2\repository\org\springframework\spring-web\6.2.5\spring-web-6.2.5.jar;C:\Users\hp\.m2\repository\io\micrometer\micrometer-observation\1.14.5\micrometer-observation-1.14.5.jar;C:\Users\hp\.m2\repository\io\micrometer\micrometer-commons\1.14.5\micrometer-commons-1.14.5.jar;C:\Users\hp\.m2\repository\org\springframework\spring-webmvc\6.2.5\spring-webmvc-6.2.5.jar;C:\Users\hp\.m2\repository\org\springframework\spring-expression\6.2.5\spring-expression-6.2.5.jar;C:\Users\hp\.m2\repository\org\springframework\boot\spring-boot-devtools\3.4.4\spring-boot-devtools-3.4.4.jar;C:\Users\hp\.m2\repository\org\springframework\boot\spring-boot\3.4.4\spring-boot-3.4.4.jar;C:\Users\hp\.m2\repository\org\springframework\boot\spring-boot-autoconfigure\3.4.4\spring-boot-autoconfigure-3.4.4.jar;C:\Users\hp\.m2\repository\com\google\zxing\javase\3.5.1\javase-3.5.1.jar;C:\Users\hp\.m2\repository\com\beust\jcommander\1.82\jcommander-1.82.jar;C:\Users\hp\.m2\repository\com\github\jai-imageio\jai-imageio-core\1.4.0\jai-imageio-core-1.4.0.jar;C:\Users\hp\.m2\repository\com\google\zxing\core\3.5.1\core-3.5.1.jar;C:\Users\hp\.m2\repository\org\postgresql\postgresql\42.7.5\postgresql-42.7.5.jar;C:\Users\hp\.m2\repository\org\checkerframework\checker-qual\3.48.3\checker-qual-3.48.3.jar;C:\Users\hp\.m2\repository\org\projectlombok\lombok\1.18.36\lombok-1.18.36.jar;C:\Users\hp\.m2\repository\jakarta\xml\bind\jakarta.xml.bind-api\4.0.2\jakarta.xml.bind-api-4.0.2.jar;C:\Users\hp\.m2\repository\jakarta\activation\jakarta.activation-api\2.1.3\jakarta.activation-api-2.1.3.jar;C:\Users\hp\.m2\repository\org\springframework\spring-core\6.2.5\spring-core-6.2.5.jar;C:\Users\hp\.m2\repository\org\springframework\spring-jcl\6.2.5\spring-jcl-6.2.5.jar
Launcher Type: SUN_STANDARD

[Global flags]
     intx CICompilerCount                          = 4                                         {product} {ergonomic}
     uint ConcGCThreads                            = 2                                         {product} {ergonomic}
     uint G1ConcRefinementThreads                  = 8                                         {product} {ergonomic}
   size_t G1HeapRegionSize                         = 1048576                                   {product} {ergonomic}
    uintx GCDrainStackTargetSize                   = 64                                        {product} {ergonomic}
   size_t InitialHeapSize                          = 130023424                                 {product} {ergonomic}
   size_t MarkStackSize                            = 4194304                                   {product} {ergonomic}
   size_t MaxHeapSize                              = 2055208960                                {product} {ergonomic}
   size_t MaxNewSize                               = 1233125376                                {product} {ergonomic}
   size_t MinHeapDeltaBytes                        = 1048576                                   {product} {ergonomic}
   size_t MinHeapSize                              = 8388608                                   {product} {ergonomic}
    uintx NonNMethodCodeHeapSize                   = 5839372                                {pd product} {ergonomic}
    uintx NonProfiledCodeHeapSize                  = 122909434                              {pd product} {ergonomic}
    uintx ProfiledCodeHeapSize                     = 122909434                              {pd product} {ergonomic}
    uintx ReservedCodeCacheSize                    = 251658240                              {pd product} {ergonomic}
     bool SegmentedCodeCache                       = true                                      {product} {ergonomic}
   size_t SoftMaxHeapSize                          = 2055208960                             {manageable} {ergonomic}
     bool UseCompressedOops                        = true                           {product lp64_product} {ergonomic}
     bool UseG1GC                                  = true                                      {product} {ergonomic}
     bool UseLargePagesIndividualAllocation        = false                                  {pd product} {ergonomic}

Logging:
Log output configuration:
 #0: stdout all=warning uptime,level,tags foldmultilines=false
 #1: stderr all=off uptime,level,tags foldmultilines=false

Environment Variables:
JAVA_HOME=C:\Program Files\Java\jdk1.8.0_321
PATH=C:\Python312\Scripts\;C:\Python312\;C:\Program Files\Python310\Scripts\;C:\Program Files\Python310\;C:\Program Files\Common Files\Oracle\Java\javapath;C:\Program Files (x86)\Common Files\Oracle\Java\java8path;C:\Program Files (x86)\Common Files\Oracle\Java\javapath;C:\WINDOWS\system32;C:\WINDOWS;C:\WINDOWS\System32\Wbem;C:\WINDOWS\System32\WindowsPowerShell\v1.0\;C:\WINDOWS\System32\OpenSSH\;C:\Program Files\Microsoft\Web Platform Installer\;C:\Program Files (x86)\Microsoft ASP.NET\ASP.NET Web Pages\v1.0\;C:\Program Files\Microsoft SQL Server\110\Tools\Binn\;C:\Program Files\Java\jdk-19\bin;C:\Program Files\MySQL\MySQL Server 8.0\bin;%AppData%\npm;C:\Program Files\Microsoft SQL Server\150\Tools\Binn\;C:\Program Files\Microsoft SQL Server\Client SDK\ODBC\170\Tools\Binn\;C:\MinGW\bin;C:\Program Files\Git\cmd;C:\Program Files (x86)\Microsoft SQL Server\160\Tools\Binn\;C:\Program Files\Microsoft SQL Server\160\Tools\Binn\;C:\Program Files\Microsoft SQL Server\160\DTS\Binn\;C:\Program Files (x86)\Microsoft SQL Server\160\DTS\Binn\;C:\Program Files\Java\jdk1.8.0_321\bin;C:\Program Files\dotnet\;C:\Program Files\Microsoft Visual Studio\2022\Community\VC\Tools\Llvm\x64\bin;C:\Program Files\Microsoft Visual Studio\2022\Community\VC\Tools\Llvm\bin;C:\Program Files (x86)\Windows Kits\10\Windows Performance Toolkit\;C:\Program Files\nodejs\;C:\ProgramData\chocolatey\bin;C:\Program Files\Apache Software Foundation\Tomcat 9.0\lib\servlet-api.jar;C:\Program Files\Apache Tomcat Application\apache-tomcat-9.0.99\bin;C:\Program Files\MySQL\MySQL Shell 8.0\bin\;C:\Users\hp\AppData\Local\Microsoft\WindowsApps;C:\msys64\mingw64\bin;C:\Users\hp\AppData\Local\Programs\Microsoft VS Code\bin;C:\Users\hp\.dotnet\tools;C:\Users\hp\AppData\Roaming\npm;D:\Download (D drive)\IntelliJ IDEA 2024.3.1.1\bin;;D:\Download (D drive)\IntelliJ IDEA Community Edition 2024.3.1.1\bin;
USERNAME=hp
OS=Windows_NT
PROCESSOR_IDENTIFIER=Intel64 Family 6 Model 140 Stepping 1, GenuineIntel
TMP=C:\Users\hp\AppData\Local\Temp
TEMP=C:\Users\hp\AppData\Local\Temp




Periodic native trim disabled

---------------  S Y S T E M  ---------------

OS:
 Windows 11 , 64 bit Build 22621 (10.0.22621.5124)
OS uptime: 0 days 0:17 hours

CPU: total 8 (initial active 8) (4 cores per cpu, 2 threads per core) family 6 model 140 stepping 1 microcode 0xb4, cx8, cmov, fxsr, ht, mmx, 3dnowpref, sse, sse2, sse3, ssse3, sse4.1, sse4.2, popcnt, lzcnt, tsc, tscinvbit, avx, avx2, aes, erms, clmul, bmi1, bmi2, adx, avx512f, avx512dq, avx512cd, avx512bw, avx512vl, sha, fma, vzeroupper, avx512_vpopcntdq, avx512_vpclmulqdq, avx512_vaes, avx512_vnni, clflush, clflushopt, clwb, avx512_vbmi2, avx512_vbmi, rdtscp, rdpid, fsrm, gfni, avx512_bitalg, f16c, pku, cet_ibt, cet_ss, avx512_ifma
Processor Information for processor 0
  Max Mhz: 2401, Current Mhz: 2400, Mhz Limit: 2376
Processor Information for processor 1
  Max Mhz: 2401, Current Mhz: 2400, Mhz Limit: 2376
Processor Information for processor 2
  Max Mhz: 2401, Current Mhz: 2400, Mhz Limit: 2376
Processor Information for processor 3
  Max Mhz: 2401, Current Mhz: 2400, Mhz Limit: 2376
Processor Information for processor 4
  Max Mhz: 2401, Current Mhz: 900, Mhz Limit: 2376
Processor Information for processor 5
  Max Mhz: 2401, Current Mhz: 2400, Mhz Limit: 2376
Processor Information for processor 6
  Max Mhz: 2401, Current Mhz: 2400, Mhz Limit: 2376
Processor Information for processor 7
  Max Mhz: 2401, Current Mhz: 900, Mhz Limit: 2376

Memory: 4k page, system-wide physical 7834M (1157M free)
TotalPageFile size 12694M (AvailPageFile size 3M)
current process WorkingSet (physical memory assigned to process): 245M, peak: 252M
current process commit charge ("private bytes"): 283M, peak: 288M

vm_info: Java HotSpot(TM) 64-Bit Server VM (21.0.2+13-LTS-58) for windows-amd64 JRE (21.0.2+13-LTS-58), built on 2024-01-05T18:32:24Z by "mach5one" with MS VC++ 17.1 (VS2022)

END.
